{"C:\\projects\\abiturient_guide\\backend\\src\\config\\db.js": {"path":"C:\\projects\\abiturient_guide\\backend\\src\\config\\db.js","statementMap":{"0":{"start":{"line":2,"column":17},"end":{"line":2,"column":19}},"1":{"start":{"line":4,"column":13},"end":{"line":6,"column":2}}},"fnMap":{},"branchMap":{},"s":{"0":1,"1":1},"f":{},"b":{},"meta":{"lastBranch":0,"lastFunction":0,"lastStatement":2,"seen":{"s:2:17:2:19":0,"s:4:13:6:2":1},"fnNames":{}}}
,"C:\\projects\\abiturient_guide\\backend\\src\\controllers\\authController.js": {"path":"C:\\projects\\abiturient_guide\\backend\\src\\controllers\\authController.js","statementMap":{"0":{"start":{"line":4,"column":2},"end":{"line":9,"column":null}},"1":{"start":{"line":13,"column":2},"end":{"line":31,"column":null}},"2":{"start":{"line":14,"column":38},"end":{"line":14,"column":null}},"3":{"start":{"line":16,"column":4},"end":{"line":18,"column":null}},"4":{"start":{"line":17,"column":6},"end":{"line":17,"column":null}},"5":{"start":{"line":19,"column":4},"end":{"line":21,"column":null}},"6":{"start":{"line":20,"column":6},"end":{"line":20,"column":null}},"7":{"start":{"line":22,"column":4},"end":{"line":24,"column":null}},"8":{"start":{"line":23,"column":6},"end":{"line":23,"column":null}},"9":{"start":{"line":26,"column":19},"end":{"line":26,"column":null}},"10":{"start":{"line":27,"column":4},"end":{"line":27,"column":null}},"11":{"start":{"line":28,"column":4},"end":{"line":28,"column":null}},"12":{"start":{"line":30,"column":4},"end":{"line":30,"column":null}},"13":{"start":{"line":35,"column":2},"end":{"line":47,"column":null}},"14":{"start":{"line":36,"column":32},"end":{"line":36,"column":null}},"15":{"start":{"line":38,"column":4},"end":{"line":40,"column":null}},"16":{"start":{"line":39,"column":6},"end":{"line":39,"column":null}},"17":{"start":{"line":42,"column":19},"end":{"line":42,"column":null}},"18":{"start":{"line":43,"column":4},"end":{"line":43,"column":null}},"19":{"start":{"line":44,"column":4},"end":{"line":44,"column":null}},"20":{"start":{"line":46,"column":4},"end":{"line":46,"column":null}},"21":{"start":{"line":51,"column":2},"end":{"line":59,"column":null}},"22":{"start":{"line":52,"column":21},"end":{"line":52,"column":null}},"23":{"start":{"line":53,"column":19},"end":{"line":53,"column":null}},"24":{"start":{"line":54,"column":4},"end":{"line":54,"column":null}},"25":{"start":{"line":55,"column":4},"end":{"line":55,"column":null}},"26":{"start":{"line":57,"column":4},"end":{"line":57,"column":null}},"27":{"start":{"line":58,"column":4},"end":{"line":58,"column":null}},"28":{"start":{"line":63,"column":2},"end":{"line":70,"column":null}},"29":{"start":{"line":64,"column":18},"end":{"line":64,"column":null}},"30":{"start":{"line":65,"column":4},"end":{"line":65,"column":null}},"31":{"start":{"line":66,"column":4},"end":{"line":66,"column":null}},"32":{"start":{"line":67,"column":4},"end":{"line":67,"column":null}},"33":{"start":{"line":69,"column":4},"end":{"line":69,"column":null}},"34":{"start":{"line":74,"column":2},"end":{"line":80,"column":null}},"35":{"start":{"line":75,"column":4},"end":{"line":75,"column":null}},"36":{"start":{"line":76,"column":4},"end":{"line":76,"column":null}},"37":{"start":{"line":77,"column":4},"end":{"line":77,"column":null}},"38":{"start":{"line":79,"column":4},"end":{"line":79,"column":null}},"39":{"start":{"line":84,"column":2},"end":{"line":91,"column":null}},"40":{"start":{"line":85,"column":24},"end":{"line":85,"column":null}},"41":{"start":{"line":86,"column":19},"end":{"line":86,"column":null}},"42":{"start":{"line":87,"column":4},"end":{"line":87,"column":null}},"43":{"start":{"line":88,"column":4},"end":{"line":88,"column":null}},"44":{"start":{"line":90,"column":4},"end":{"line":90,"column":null}}},"fnMap":{"0":{"name":"setRefreshCookie","decl":{"start":{"line":3,"column":9},"end":{"line":3,"column":26}},"loc":{"start":{"line":3,"column":38},"end":{"line":10,"column":null}},"line":3},"1":{"name":"register","decl":{"start":{"line":12,"column":15},"end":{"line":12,"column":24}},"loc":{"start":{"line":12,"column":40},"end":{"line":32,"column":null}},"line":12},"2":{"name":"login","decl":{"start":{"line":34,"column":15},"end":{"line":34,"column":21}},"loc":{"start":{"line":34,"column":37},"end":{"line":48,"column":null}},"line":34},"3":{"name":"refresh","decl":{"start":{"line":50,"column":15},"end":{"line":50,"column":23}},"loc":{"start":{"line":50,"column":39},"end":{"line":60,"column":null}},"line":50},"4":{"name":"logout","decl":{"start":{"line":62,"column":15},"end":{"line":62,"column":22}},"loc":{"start":{"line":62,"column":38},"end":{"line":71,"column":null}},"line":62},"5":{"name":"logoutAll","decl":{"start":{"line":73,"column":15},"end":{"line":73,"column":25}},"loc":{"start":{"line":73,"column":41},"end":{"line":81,"column":null}},"line":73},"6":{"name":"googleLogin","decl":{"start":{"line":83,"column":15},"end":{"line":83,"column":27}},"loc":{"start":{"line":83,"column":43},"end":{"line":92,"column":null}},"line":83}},"branchMap":{"0":{"loc":{"start":{"line":16,"column":4},"end":{"line":18,"column":null}},"type":"if","locations":[{"start":{"line":16,"column":4},"end":{"line":18,"column":null}},{"start":{},"end":{}}],"line":16},"1":{"loc":{"start":{"line":16,"column":8},"end":{"line":16,"column":29}},"type":"binary-expr","locations":[{"start":{"line":16,"column":8},"end":{"line":16,"column":18}},{"start":{"line":16,"column":18},"end":{"line":16,"column":29}}],"line":16},"2":{"loc":{"start":{"line":19,"column":4},"end":{"line":21,"column":null}},"type":"if","locations":[{"start":{"line":19,"column":4},"end":{"line":21,"column":null}},{"start":{},"end":{}}],"line":19},"3":{"loc":{"start":{"line":22,"column":4},"end":{"line":24,"column":null}},"type":"if","locations":[{"start":{"line":22,"column":4},"end":{"line":24,"column":null}},{"start":{},"end":{}}],"line":22},"4":{"loc":{"start":{"line":38,"column":4},"end":{"line":40,"column":null}},"type":"if","locations":[{"start":{"line":38,"column":4},"end":{"line":40,"column":null}},{"start":{},"end":{}}],"line":38},"5":{"loc":{"start":{"line":38,"column":8},"end":{"line":38,"column":29}},"type":"binary-expr","locations":[{"start":{"line":38,"column":8},"end":{"line":38,"column":18}},{"start":{"line":38,"column":18},"end":{"line":38,"column":29}}],"line":38}},"s":{"0":1,"1":2,"2":2,"3":2,"4":0,"5":2,"6":0,"7":2,"8":0,"9":2,"10":1,"11":1,"12":1,"13":1,"14":1,"15":1,"16":0,"17":1,"18":0,"19":0,"20":1,"21":0,"22":0,"23":0,"24":0,"25":0,"26":0,"27":0,"28":0,"29":0,"30":0,"31":0,"32":0,"33":0,"34":0,"35":0,"36":0,"37":0,"38":0,"39":0,"40":0,"41":0,"42":0,"43":0,"44":0},"f":{"0":1,"1":2,"2":1,"3":0,"4":0,"5":0,"6":0},"b":{"0":[0,2],"1":[2,2],"2":[0,2],"3":[0,2],"4":[0,1],"5":[1,1]},"meta":{"lastBranch":6,"lastFunction":7,"lastStatement":45,"seen":{"f:3:9:3:26":0,"s:4:2:9:Infinity":0,"f:12:15:12:24":1,"s:13:2:31:Infinity":1,"s:14:38:14:Infinity":2,"b:16:4:18:Infinity:undefined:undefined:undefined:undefined":0,"s:16:4:18:Infinity":3,"b:16:8:16:18:16:18:16:29":1,"s:17:6:17:Infinity":4,"b:19:4:21:Infinity:undefined:undefined:undefined:undefined":2,"s:19:4:21:Infinity":5,"s:20:6:20:Infinity":6,"b:22:4:24:Infinity:undefined:undefined:undefined:undefined":3,"s:22:4:24:Infinity":7,"s:23:6:23:Infinity":8,"s:26:19:26:Infinity":9,"s:27:4:27:Infinity":10,"s:28:4:28:Infinity":11,"s:30:4:30:Infinity":12,"f:34:15:34:21":2,"s:35:2:47:Infinity":13,"s:36:32:36:Infinity":14,"b:38:4:40:Infinity:undefined:undefined:undefined:undefined":4,"s:38:4:40:Infinity":15,"b:38:8:38:18:38:18:38:29":5,"s:39:6:39:Infinity":16,"s:42:19:42:Infinity":17,"s:43:4:43:Infinity":18,"s:44:4:44:Infinity":19,"s:46:4:46:Infinity":20,"f:50:15:50:23":3,"s:51:2:59:Infinity":21,"s:52:21:52:Infinity":22,"s:53:19:53:Infinity":23,"s:54:4:54:Infinity":24,"s:55:4:55:Infinity":25,"s:57:4:57:Infinity":26,"s:58:4:58:Infinity":27,"f:62:15:62:22":4,"s:63:2:70:Infinity":28,"s:64:18:64:Infinity":29,"s:65:4:65:Infinity":30,"s:66:4:66:Infinity":31,"s:67:4:67:Infinity":32,"s:69:4:69:Infinity":33,"f:73:15:73:25":5,"s:74:2:80:Infinity":34,"s:75:4:75:Infinity":35,"s:76:4:76:Infinity":36,"s:77:4:77:Infinity":37,"s:79:4:79:Infinity":38,"f:83:15:83:27":6,"s:84:2:91:Infinity":39,"s:85:24:85:Infinity":40,"s:86:19:86:Infinity":41,"s:87:4:87:Infinity":42,"s:88:4:88:Infinity":43,"s:90:4:90:Infinity":44},"fnNames":{}}}
,"C:\\projects\\abiturient_guide\\backend\\src\\controllers\\testController.js": {"path":"C:\\projects\\abiturient_guide\\backend\\src\\controllers\\testController.js","statementMap":{"0":{"start":{"line":4,"column":2},"end":{"line":9,"column":null}},"1":{"start":{"line":5,"column":18},"end":{"line":5,"column":49}},"2":{"start":{"line":6,"column":4},"end":{"line":6,"column":null}},"3":{"start":{"line":8,"column":4},"end":{"line":8,"column":null}},"4":{"start":{"line":13,"column":2},"end":{"line":18,"column":null}},"5":{"start":{"line":14,"column":17},"end":{"line":14,"column":69}},"6":{"start":{"line":15,"column":4},"end":{"line":15,"column":null}},"7":{"start":{"line":17,"column":4},"end":{"line":17,"column":null}},"8":{"start":{"line":22,"column":2},"end":{"line":33,"column":null}},"9":{"start":{"line":23,"column":19},"end":{"line":23,"column":40}},"10":{"start":{"line":25,"column":4},"end":{"line":27,"column":null}},"11":{"start":{"line":26,"column":6},"end":{"line":26,"column":null}},"12":{"start":{"line":29,"column":19},"end":{"line":29,"column":86}},"13":{"start":{"line":30,"column":4},"end":{"line":30,"column":null}},"14":{"start":{"line":32,"column":4},"end":{"line":32,"column":null}},"15":{"start":{"line":37,"column":2},"end":{"line":42,"column":null}},"16":{"start":{"line":38,"column":20},"end":{"line":38,"column":63}},"17":{"start":{"line":39,"column":4},"end":{"line":39,"column":null}},"18":{"start":{"line":41,"column":4},"end":{"line":41,"column":null}}},"fnMap":{"0":{"name":"getTests","decl":{"start":{"line":3,"column":15},"end":{"line":3,"column":23}},"loc":{"start":{"line":3,"column":40},"end":{"line":10,"column":null}},"line":3},"1":{"name":"getTestById","decl":{"start":{"line":12,"column":15},"end":{"line":12,"column":26}},"loc":{"start":{"line":12,"column":43},"end":{"line":19,"column":null}},"line":12},"2":{"name":"submitTest","decl":{"start":{"line":21,"column":15},"end":{"line":21,"column":25}},"loc":{"start":{"line":21,"column":42},"end":{"line":34,"column":null}},"line":21},"3":{"name":"getMyResults","decl":{"start":{"line":36,"column":15},"end":{"line":36,"column":27}},"loc":{"start":{"line":36,"column":44},"end":{"line":43,"column":null}},"line":36}},"branchMap":{"0":{"loc":{"start":{"line":25,"column":4},"end":{"line":27,"column":null}},"type":"if","locations":[{"start":{"line":25,"column":4},"end":{"line":27,"column":null}},{"start":{},"end":{}}],"line":25},"1":{"loc":{"start":{"line":25,"column":8},"end":{"line":25,"column":48}},"type":"binary-expr","locations":[{"start":{"line":25,"column":8},"end":{"line":25,"column":33}},{"start":{"line":25,"column":37},"end":{"line":25,"column":48}}],"line":25}},"s":{"0":0,"1":0,"2":0,"3":0,"4":0,"5":0,"6":0,"7":0,"8":5,"9":5,"10":5,"11":0,"12":5,"13":1,"14":4,"15":0,"16":0,"17":0,"18":0},"f":{"0":0,"1":0,"2":5,"3":0},"b":{"0":[0,5],"1":[5,5]},"meta":{"lastBranch":2,"lastFunction":4,"lastStatement":19,"seen":{"f:3:15:3:23":0,"s:4:2:9:Infinity":0,"s:5:18:5:49":1,"s:6:4:6:Infinity":2,"s:8:4:8:Infinity":3,"f:12:15:12:26":1,"s:13:2:18:Infinity":4,"s:14:17:14:69":5,"s:15:4:15:Infinity":6,"s:17:4:17:Infinity":7,"f:21:15:21:25":2,"s:22:2:33:Infinity":8,"s:23:19:23:40":9,"b:25:4:27:Infinity:undefined:undefined:undefined:undefined":0,"s:25:4:27:Infinity":10,"b:25:8:25:33:25:37:25:48":1,"s:26:6:26:Infinity":11,"s:29:19:29:86":12,"s:30:4:30:Infinity":13,"s:32:4:32:Infinity":14,"f:36:15:36:27":3,"s:37:2:42:Infinity":15,"s:38:20:38:63":16,"s:39:4:39:Infinity":17,"s:41:4:41:Infinity":18},"fnNames":{}}}
,"C:\\projects\\abiturient_guide\\backend\\src\\middleware\\authMiddleware.js": {"path":"C:\\projects\\abiturient_guide\\backend\\src\\middleware\\authMiddleware.js","statementMap":{"0":{"start":{"line":1,"column":12},"end":{"line":1,"column":35}},"1":{"start":{"line":4,"column":2},"end":{"line":18,"column":3}},"2":{"start":{"line":5,"column":23},"end":{"line":5,"column":48}},"3":{"start":{"line":7,"column":4},"end":{"line":9,"column":5}},"4":{"start":{"line":8,"column":6},"end":{"line":8,"column":73}},"5":{"start":{"line":11,"column":18},"end":{"line":11,"column":42}},"6":{"start":{"line":12,"column":20},"end":{"line":12,"column":61}},"7":{"start":{"line":14,"column":4},"end":{"line":14,"column":23}},"8":{"start":{"line":15,"column":4},"end":{"line":15,"column":11}},"9":{"start":{"line":17,"column":4},"end":{"line":17,"column":76}},"10":{"start":{"line":21,"column":0},"end":{"line":21,"column":null}}},"fnMap":{"0":{"name":"authMiddleware","decl":{"start":{"line":3,"column":9},"end":{"line":3,"column":23}},"loc":{"start":{"line":3,"column":40},"end":{"line":19,"column":1}},"line":3}},"branchMap":{"0":{"loc":{"start":{"line":7,"column":4},"end":{"line":9,"column":5}},"type":"if","locations":[{"start":{"line":7,"column":4},"end":{"line":9,"column":5}},{"start":{},"end":{}}],"line":7},"1":{"loc":{"start":{"line":7,"column":8},"end":{"line":7,"column":56}},"type":"binary-expr","locations":[{"start":{"line":7,"column":8},"end":{"line":7,"column":19}},{"start":{"line":7,"column":23},"end":{"line":7,"column":56}}],"line":7}},"s":{"0":1,"1":0,"2":0,"3":0,"4":0,"5":0,"6":0,"7":0,"8":0,"9":0,"10":1},"f":{"0":0},"b":{"0":[0,0],"1":[0,0]},"meta":{"lastBranch":2,"lastFunction":1,"lastStatement":11,"seen":{"s:1:12:1:35":0,"f:3:9:3:23":0,"s:4:2:18:3":1,"s:5:23:5:48":2,"b:7:4:9:5:undefined:undefined:undefined:undefined":0,"s:7:4:9:5":3,"b:7:8:7:19:7:23:7:56":1,"s:8:6:8:73":4,"s:11:18:11:42":5,"s:12:20:12:61":6,"s:14:4:14:23":7,"s:15:4:15:11":8,"s:17:4:17:76":9,"s:21:0:21:Infinity":10},"fnNames":{}}}
,"C:\\projects\\abiturient_guide\\backend\\src\\middleware\\validateBody.js": {"path":"C:\\projects\\abiturient_guide\\backend\\src\\middleware\\validateBody.js","statementMap":{"0":{"start":{"line":1,"column":21},"end":{"line":1,"column":35}},"1":{"start":{"line":4,"column":2},"end":{"line":16,"column":null}},"2":{"start":{"line":5,"column":19},"end":{"line":5,"column":45}},"3":{"start":{"line":7,"column":4},"end":{"line":12,"column":null}},"4":{"start":{"line":8,"column":6},"end":{"line":11,"column":null}},"5":{"start":{"line":14,"column":4},"end":{"line":14,"column":null}},"6":{"start":{"line":15,"column":4},"end":{"line":15,"column":null}},"7":{"start":{"line":19,"column":0},"end":{"line":19,"column":null}}},"fnMap":{"0":{"name":"validateBody","decl":{"start":{"line":3,"column":9},"end":{"line":3,"column":21}},"loc":{"start":{"line":3,"column":30},"end":{"line":17,"column":null}},"line":3},"1":{"name":"(anonymous_1)","decl":{"start":{"line":4,"column":9},"end":{"line":4,"column":10}},"loc":{"start":{"line":4,"column":29},"end":{"line":16,"column":3}},"line":4}},"branchMap":{"0":{"loc":{"start":{"line":7,"column":4},"end":{"line":12,"column":null}},"type":"if","locations":[{"start":{"line":7,"column":4},"end":{"line":12,"column":null}},{"start":{},"end":{}}],"line":7}},"s":{"0":1,"1":3,"2":8,"3":8,"4":5,"5":3,"6":3,"7":1},"f":{"0":3,"1":8},"b":{"0":[5,3]},"meta":{"lastBranch":1,"lastFunction":2,"lastStatement":8,"seen":{"s:1:21:1:35":0,"f:3:9:3:21":0,"s:4:2:16:Infinity":1,"f:4:9:4:10":1,"s:5:19:5:45":2,"b:7:4:12:Infinity:undefined:undefined:undefined:undefined":0,"s:7:4:12:Infinity":3,"s:8:6:11:Infinity":4,"s:14:4:14:Infinity":5,"s:15:4:15:Infinity":6,"s:19:0:19:Infinity":7},"fnNames":{}}}
,"C:\\projects\\abiturient_guide\\backend\\src\\repositories\\profileRepository.js": {"path":"C:\\projects\\abiturient_guide\\backend\\src\\repositories\\profileRepository.js","statementMap":{"0":{"start":{"line":4,"column":17},"end":{"line":7,"column":3}},"1":{"start":{"line":8,"column":2},"end":{"line":8,"column":null}},"2":{"start":{"line":15,"column":6},"end":{"line":15,"column":10}},"3":{"start":{"line":17,"column":17},"end":{"line":38,"column":3}},"4":{"start":{"line":39,"column":2},"end":{"line":39,"column":null}}},"fnMap":{"0":{"name":"findByUserId","decl":{"start":{"line":3,"column":15},"end":{"line":3,"column":27}},"loc":{"start":{"line":3,"column":36},"end":{"line":9,"column":null}},"line":3},"1":{"name":"upsert","decl":{"start":{"line":11,"column":15},"end":{"line":11,"column":21}},"loc":{"start":{"line":11,"column":36},"end":{"line":40,"column":null}},"line":11}},"branchMap":{"0":{"loc":{"start":{"line":8,"column":9},"end":{"line":8,"column":31}},"type":"binary-expr","locations":[{"start":{"line":8,"column":9},"end":{"line":8,"column":23}},{"start":{"line":8,"column":27},"end":{"line":8,"column":31}}],"line":8}},"s":{"0":0,"1":0,"2":0,"3":0,"4":0},"f":{"0":0,"1":0},"b":{"0":[0,0]},"meta":{"lastBranch":1,"lastFunction":2,"lastStatement":5,"seen":{"f:3:15:3:27":0,"s:4:17:7:3":0,"s:8:2:8:Infinity":1,"b:8:9:8:23:8:27:8:31":0,"f:11:15:11:21":1,"s:15:6:15:10":2,"s:17:17:38:3":3,"s:39:2:39:Infinity":4},"fnNames":{}}}
,"C:\\projects\\abiturient_guide\\backend\\src\\repositories\\recommendationsRepository.js": {"path":"C:\\projects\\abiturient_guide\\backend\\src\\repositories\\recommendationsRepository.js","statementMap":{"0":{"start":{"line":4,"column":17},"end":{"line":38,"column":3}},"1":{"start":{"line":39,"column":2},"end":{"line":39,"column":null}},"2":{"start":{"line":43,"column":17},"end":{"line":80,"column":3}},"3":{"start":{"line":81,"column":2},"end":{"line":81,"column":null}},"4":{"start":{"line":85,"column":2},"end":{"line":85,"column":null}},"5":{"start":{"line":87,"column":2},"end":{"line":87,"column":null}},"6":{"start":{"line":87,"column":36},"end":{"line":87,"column":null}},"7":{"start":{"line":89,"column":23},"end":{"line":91,"column":15}},"8":{"start":{"line":90,"column":19},"end":{"line":90,"column":85}},"9":{"start":{"line":93,"column":17},"end":{"line":93,"column":25}},"10":{"start":{"line":94,"column":2},"end":{"line":96,"column":null}},"11":{"start":{"line":95,"column":4},"end":{"line":95,"column":null}},"12":{"start":{"line":98,"column":2},"end":{"line":102,"column":null}}},"fnMap":{"0":{"name":"findProgramsByLevel","decl":{"start":{"line":3,"column":15},"end":{"line":3,"column":34}},"loc":{"start":{"line":3,"column":64},"end":{"line":40,"column":null}},"line":3},"1":{"name":"findByUserId","decl":{"start":{"line":42,"column":15},"end":{"line":42,"column":27}},"loc":{"start":{"line":42,"column":36},"end":{"line":82,"column":null}},"line":42},"2":{"name":"replaceForUser","decl":{"start":{"line":84,"column":15},"end":{"line":84,"column":29}},"loc":{"start":{"line":84,"column":63},"end":{"line":103,"column":null}},"line":84},"3":{"name":"(anonymous_3)","decl":{"start":{"line":90,"column":9},"end":{"line":90,"column":10}},"loc":{"start":{"line":90,"column":19},"end":{"line":90,"column":85}},"line":90}},"branchMap":{"0":{"loc":{"start":{"line":3,"column":51},"end":{"line":3,"column":62}},"type":"default-arg","locations":[{"start":{"line":3,"column":58},"end":{"line":3,"column":62}}],"line":3},"1":{"loc":{"start":{"line":87,"column":2},"end":{"line":87,"column":null}},"type":"if","locations":[{"start":{"line":87,"column":2},"end":{"line":87,"column":null}},{"start":{},"end":{}}],"line":87}},"s":{"0":0,"1":0,"2":0,"3":0,"4":0,"5":0,"6":0,"7":0,"8":0,"9":0,"10":0,"11":0,"12":0},"f":{"0":0,"1":0,"2":0,"3":0},"b":{"0":[0],"1":[0,0]},"meta":{"lastBranch":2,"lastFunction":4,"lastStatement":13,"seen":{"f:3:15:3:34":0,"b:3:58:3:62":0,"s:4:17:38:3":0,"s:39:2:39:Infinity":1,"f:42:15:42:27":1,"s:43:17:80:3":2,"s:81:2:81:Infinity":3,"f:84:15:84:29":2,"s:85:2:85:Infinity":4,"b:87:2:87:Infinity:undefined:undefined:undefined:undefined":1,"s:87:2:87:Infinity":5,"s:87:36:87:Infinity":6,"s:89:23:91:15":7,"f:90:9:90:10":3,"s:90:19:90:85":8,"s:93:17:93:25":9,"s:94:2:96:Infinity":10,"s:95:4:95:Infinity":11,"s:98:2:102:Infinity":12},"fnNames":{}}}
,"C:\\projects\\abiturient_guide\\backend\\src\\repositories\\refreshTokenRepository.js": {"path":"C:\\projects\\abiturient_guide\\backend\\src\\repositories\\refreshTokenRepository.js","statementMap":{"0":{"start":{"line":1,"column":13},"end":{"line":1,"column":36}},"1":{"start":{"line":2,"column":15},"end":{"line":2,"column":32}},"2":{"start":{"line":5,"column":2},"end":{"line":5,"column":null}},"3":{"start":{"line":9,"column":20},"end":{"line":9,"column":36}},"4":{"start":{"line":10,"column":2},"end":{"line":14,"column":null}},"5":{"start":{"line":18,"column":20},"end":{"line":18,"column":36}},"6":{"start":{"line":19,"column":17},"end":{"line":23,"column":3}},"7":{"start":{"line":24,"column":2},"end":{"line":24,"column":null}},"8":{"start":{"line":28,"column":20},"end":{"line":28,"column":36}},"9":{"start":{"line":29,"column":2},"end":{"line":32,"column":null}},"10":{"start":{"line":36,"column":2},"end":{"line":39,"column":null}},"11":{"start":{"line":43,"column":2},"end":{"line":51,"column":null}},"12":{"start":{"line":54,"column":0},"end":{"line":54,"column":null}}},"fnMap":{"0":{"name":"hashToken","decl":{"start":{"line":4,"column":9},"end":{"line":4,"column":18}},"loc":{"start":{"line":4,"column":26},"end":{"line":6,"column":null}},"line":4},"1":{"name":"store","decl":{"start":{"line":8,"column":15},"end":{"line":8,"column":20}},"loc":{"start":{"line":8,"column":47},"end":{"line":15,"column":null}},"line":8},"2":{"name":"find","decl":{"start":{"line":17,"column":15},"end":{"line":17,"column":19}},"loc":{"start":{"line":17,"column":27},"end":{"line":25,"column":null}},"line":17},"3":{"name":"revoke","decl":{"start":{"line":27,"column":15},"end":{"line":27,"column":21}},"loc":{"start":{"line":27,"column":29},"end":{"line":33,"column":null}},"line":27},"4":{"name":"revokeAllForUser","decl":{"start":{"line":35,"column":15},"end":{"line":35,"column":31}},"loc":{"start":{"line":35,"column":40},"end":{"line":40,"column":null}},"line":35},"5":{"name":"deleteExpiredByUser","decl":{"start":{"line":42,"column":15},"end":{"line":42,"column":34}},"loc":{"start":{"line":42,"column":43},"end":{"line":52,"column":null}},"line":42}},"branchMap":{"0":{"loc":{"start":{"line":24,"column":9},"end":{"line":24,"column":31}},"type":"binary-expr","locations":[{"start":{"line":24,"column":9},"end":{"line":24,"column":23}},{"start":{"line":24,"column":27},"end":{"line":24,"column":31}}],"line":24}},"s":{"0":1,"1":1,"2":0,"3":0,"4":0,"5":0,"6":0,"7":0,"8":0,"9":0,"10":0,"11":0,"12":1},"f":{"0":0,"1":0,"2":0,"3":0,"4":0,"5":0},"b":{"0":[0,0]},"meta":{"lastBranch":1,"lastFunction":6,"lastStatement":13,"seen":{"s:1:13:1:36":0,"s:2:15:2:32":1,"f:4:9:4:18":0,"s:5:2:5:Infinity":2,"f:8:15:8:20":1,"s:9:20:9:36":3,"s:10:2:14:Infinity":4,"f:17:15:17:19":2,"s:18:20:18:36":5,"s:19:17:23:3":6,"s:24:2:24:Infinity":7,"b:24:9:24:23:24:27:24:31":0,"f:27:15:27:21":3,"s:28:20:28:36":8,"s:29:2:32:Infinity":9,"f:35:15:35:31":4,"s:36:2:39:Infinity":10,"f:42:15:42:34":5,"s:43:2:51:Infinity":11,"s:54:0:54:Infinity":12},"fnNames":{}}}
,"C:\\projects\\abiturient_guide\\backend\\src\\repositories\\testRepository.js": {"path":"C:\\projects\\abiturient_guide\\backend\\src\\repositories\\testRepository.js","statementMap":{"0":{"start":{"line":1,"column":13},"end":{"line":1,"column":36}},"1":{"start":{"line":4,"column":17},"end":{"line":4,"column":68}},"2":{"start":{"line":5,"column":2},"end":{"line":5,"column":null}},"3":{"start":{"line":9,"column":17},"end":{"line":9,"column":80}},"4":{"start":{"line":10,"column":2},"end":{"line":10,"column":null}},"5":{"start":{"line":14,"column":17},"end":{"line":28,"column":3}},"6":{"start":{"line":29,"column":2},"end":{"line":29,"column":null}},"7":{"start":{"line":33,"column":17},"end":{"line":36,"column":3}},"8":{"start":{"line":37,"column":2},"end":{"line":37,"column":null}},"9":{"start":{"line":37,"column":32},"end":{"line":37,"column":46}},"10":{"start":{"line":41,"column":17},"end":{"line":48,"column":3}},"11":{"start":{"line":49,"column":2},"end":{"line":49,"column":null}},"12":{"start":{"line":53,"column":17},"end":{"line":58,"column":3}},"13":{"start":{"line":59,"column":2},"end":{"line":59,"column":null}},"14":{"start":{"line":63,"column":17},"end":{"line":70,"column":3}},"15":{"start":{"line":71,"column":2},"end":{"line":71,"column":null}},"16":{"start":{"line":75,"column":17},"end":{"line":81,"column":3}},"17":{"start":{"line":82,"column":2},"end":{"line":82,"column":null}},"18":{"start":{"line":85,"column":0},"end":{"line":94,"column":null}}},"fnMap":{"0":{"name":"findAll","decl":{"start":{"line":3,"column":15},"end":{"line":3,"column":22}},"loc":{"start":{"line":3,"column":25},"end":{"line":6,"column":null}},"line":3},"1":{"name":"findById","decl":{"start":{"line":8,"column":15},"end":{"line":8,"column":23}},"loc":{"start":{"line":8,"column":32},"end":{"line":11,"column":null}},"line":8},"2":{"name":"findQuestionsWithAnswers","decl":{"start":{"line":13,"column":15},"end":{"line":13,"column":39}},"loc":{"start":{"line":13,"column":48},"end":{"line":30,"column":null}},"line":13},"3":{"name":"findQuestionIdsByTestId","decl":{"start":{"line":32,"column":15},"end":{"line":32,"column":38}},"loc":{"start":{"line":32,"column":47},"end":{"line":38,"column":null}},"line":32},"4":{"name":"(anonymous_4)","decl":{"start":{"line":37,"column":25},"end":{"line":37,"column":28}},"loc":{"start":{"line":37,"column":32},"end":{"line":37,"column":46}},"line":37},"5":{"name":"findAnswersByIdsAndTest","decl":{"start":{"line":40,"column":15},"end":{"line":40,"column":38}},"loc":{"start":{"line":40,"column":58},"end":{"line":50,"column":null}},"line":40},"6":{"name":"saveResult","decl":{"start":{"line":52,"column":15},"end":{"line":52,"column":25}},"loc":{"start":{"line":52,"column":66},"end":{"line":60,"column":null}},"line":52},"7":{"name":"findResultsByUserId","decl":{"start":{"line":62,"column":15},"end":{"line":62,"column":34}},"loc":{"start":{"line":62,"column":43},"end":{"line":72,"column":null}},"line":62},"8":{"name":"getLastTestTags","decl":{"start":{"line":74,"column":15},"end":{"line":74,"column":30}},"loc":{"start":{"line":74,"column":39},"end":{"line":83,"column":null}},"line":74}},"branchMap":{"0":{"loc":{"start":{"line":10,"column":9},"end":{"line":10,"column":31}},"type":"binary-expr","locations":[{"start":{"line":10,"column":9},"end":{"line":10,"column":23}},{"start":{"line":10,"column":27},"end":{"line":10,"column":31}}],"line":10},"1":{"loc":{"start":{"line":82,"column":9},"end":{"line":82,"column":42}},"type":"binary-expr","locations":[{"start":{"line":82,"column":9},"end":{"line":82,"column":36}},{"start":{"line":82,"column":40},"end":{"line":82,"column":42}}],"line":82}},"s":{"0":3,"1":0,"2":0,"3":0,"4":0,"5":0,"6":0,"7":0,"8":0,"9":0,"10":0,"11":0,"12":0,"13":0,"14":0,"15":0,"16":0,"17":0,"18":3},"f":{"0":0,"1":0,"2":0,"3":0,"4":0,"5":0,"6":0,"7":0,"8":0},"b":{"0":[0,0],"1":[0,0]},"meta":{"lastBranch":2,"lastFunction":9,"lastStatement":19,"seen":{"s:1:13:1:36":0,"f:3:15:3:22":0,"s:4:17:4:68":1,"s:5:2:5:Infinity":2,"f:8:15:8:23":1,"s:9:17:9:80":3,"s:10:2:10:Infinity":4,"b:10:9:10:23:10:27:10:31":0,"f:13:15:13:39":2,"s:14:17:28:3":5,"s:29:2:29:Infinity":6,"f:32:15:32:38":3,"s:33:17:36:3":7,"s:37:2:37:Infinity":8,"f:37:25:37:28":4,"s:37:32:37:46":9,"f:40:15:40:38":5,"s:41:17:48:3":10,"s:49:2:49:Infinity":11,"f:52:15:52:25":6,"s:53:17:58:3":12,"s:59:2:59:Infinity":13,"f:62:15:62:34":7,"s:63:17:70:3":14,"s:71:2:71:Infinity":15,"f:74:15:74:30":8,"s:75:17:81:3":16,"s:82:2:82:Infinity":17,"b:82:9:82:36:82:40:82:42":1,"s:85:0:94:Infinity":18},"fnNames":{}}}
,"C:\\projects\\abiturient_guide\\backend\\src\\repositories\\userRepository.js": {"path":"C:\\projects\\abiturient_guide\\backend\\src\\repositories\\userRepository.js","statementMap":{"0":{"start":{"line":1,"column":13},"end":{"line":1,"column":36}},"1":{"start":{"line":4,"column":17},"end":{"line":17,"column":3}},"2":{"start":{"line":19,"column":2},"end":{"line":19,"column":null}},"3":{"start":{"line":23,"column":17},"end":{"line":36,"column":3}},"4":{"start":{"line":37,"column":2},"end":{"line":37,"column":null}},"5":{"start":{"line":41,"column":17},"end":{"line":54,"column":3}},"6":{"start":{"line":56,"column":2},"end":{"line":56,"column":null}},"7":{"start":{"line":60,"column":17},"end":{"line":67,"column":3}},"8":{"start":{"line":68,"column":2},"end":{"line":68,"column":null}},"9":{"start":{"line":72,"column":17},"end":{"line":77,"column":3}},"10":{"start":{"line":78,"column":2},"end":{"line":78,"column":null}},"11":{"start":{"line":82,"column":2},"end":{"line":85,"column":null}},"12":{"start":{"line":88,"column":0},"end":{"line":95,"column":null}}},"fnMap":{"0":{"name":"findByEmail","decl":{"start":{"line":3,"column":15},"end":{"line":3,"column":26}},"loc":{"start":{"line":3,"column":34},"end":{"line":20,"column":null}},"line":3},"1":{"name":"findById","decl":{"start":{"line":22,"column":15},"end":{"line":22,"column":23}},"loc":{"start":{"line":22,"column":28},"end":{"line":38,"column":null}},"line":22},"2":{"name":"findByGoogleId","decl":{"start":{"line":40,"column":15},"end":{"line":40,"column":29}},"loc":{"start":{"line":40,"column":40},"end":{"line":57,"column":null}},"line":40},"3":{"name":"create","decl":{"start":{"line":59,"column":15},"end":{"line":59,"column":21}},"loc":{"start":{"line":59,"column":53},"end":{"line":69,"column":null}},"line":59},"4":{"name":"createWithGoogle","decl":{"start":{"line":71,"column":15},"end":{"line":71,"column":31}},"loc":{"start":{"line":71,"column":59},"end":{"line":79,"column":null}},"line":71},"5":{"name":"linkGoogleId","decl":{"start":{"line":81,"column":15},"end":{"line":81,"column":27}},"loc":{"start":{"line":81,"column":46},"end":{"line":86,"column":null}},"line":81}},"branchMap":{"0":{"loc":{"start":{"line":19,"column":9},"end":{"line":19,"column":31}},"type":"binary-expr","locations":[{"start":{"line":19,"column":9},"end":{"line":19,"column":23}},{"start":{"line":19,"column":27},"end":{"line":19,"column":31}}],"line":19},"1":{"loc":{"start":{"line":37,"column":9},"end":{"line":37,"column":31}},"type":"binary-expr","locations":[{"start":{"line":37,"column":9},"end":{"line":37,"column":23}},{"start":{"line":37,"column":27},"end":{"line":37,"column":31}}],"line":37},"2":{"loc":{"start":{"line":56,"column":9},"end":{"line":56,"column":31}},"type":"binary-expr","locations":[{"start":{"line":56,"column":9},"end":{"line":56,"column":23}},{"start":{"line":56,"column":27},"end":{"line":56,"column":31}}],"line":56}},"s":{"0":1,"1":0,"2":0,"3":0,"4":0,"5":0,"6":0,"7":0,"8":0,"9":0,"10":0,"11":0,"12":1},"f":{"0":0,"1":0,"2":0,"3":0,"4":0,"5":0},"b":{"0":[0,0],"1":[0,0],"2":[0,0]},"meta":{"lastBranch":3,"lastFunction":6,"lastStatement":13,"seen":{"s:1:13:1:36":0,"f:3:15:3:26":0,"s:4:17:17:3":1,"s:19:2:19:Infinity":2,"b:19:9:19:23:19:27:19:31":0,"f:22:15:22:23":1,"s:23:17:36:3":3,"s:37:2:37:Infinity":4,"b:37:9:37:23:37:27:37:31":1,"f:40:15:40:29":2,"s:41:17:54:3":5,"s:56:2:56:Infinity":6,"b:56:9:56:23:56:27:56:31":2,"f:59:15:59:21":3,"s:60:17:67:3":7,"s:68:2:68:Infinity":8,"f:71:15:71:31":4,"s:72:17:77:3":9,"s:78:2:78:Infinity":10,"f:81:15:81:27":5,"s:82:2:85:Infinity":11,"s:88:0:95:Infinity":12},"fnNames":{}}}
,"C:\\projects\\abiturient_guide\\backend\\src\\routes\\authRoutes.js": {"path":"C:\\projects\\abiturient_guide\\backend\\src\\routes\\authRoutes.js","statementMap":{"0":{"start":{"line":7,"column":14},"end":{"line":7,"column":23}},"1":{"start":{"line":9,"column":0},"end":{"line":9,"column":82}},"2":{"start":{"line":10,"column":0},"end":{"line":10,"column":79}},"3":{"start":{"line":11,"column":0},"end":{"line":11,"column":88}},"4":{"start":{"line":12,"column":0},"end":{"line":12,"column":51}},"5":{"start":{"line":13,"column":0},"end":{"line":13,"column":50}},"6":{"start":{"line":14,"column":0},"end":{"line":14,"column":69}}},"fnMap":{},"branchMap":{},"s":{"0":1,"1":1,"2":1,"3":1,"4":1,"5":1,"6":1},"f":{},"b":{},"meta":{"lastBranch":0,"lastFunction":0,"lastStatement":7,"seen":{"s:7:14:7:23":0,"s:9:0:9:82":1,"s:10:0:10:79":2,"s:11:0:11:88":3,"s:12:0:12:51":4,"s:13:0:13:50":5,"s:14:0:14:69":6},"fnNames":{}}}
,"C:\\projects\\abiturient_guide\\backend\\src\\services\\authService.js": {"path":"C:\\projects\\abiturient_guide\\backend\\src\\services\\authService.js","statementMap":{"0":{"start":{"line":1,"column":15},"end":{"line":1,"column":34}},"1":{"start":{"line":2,"column":12},"end":{"line":2,"column":35}},"2":{"start":{"line":3,"column":23},"end":{"line":3,"column":64}},"3":{"start":{"line":4,"column":31},"end":{"line":4,"column":80}},"4":{"start":{"line":5,"column":25},"end":{"line":5,"column":55}},"5":{"start":{"line":7,"column":21},"end":{"line":7,"column":67}},"6":{"start":{"line":9,"column":29},"end":{"line":9,"column":52}},"7":{"start":{"line":12,"column":2},"end":{"line":16,"column":null}},"8":{"start":{"line":20,"column":2},"end":{"line":24,"column":null}},"9":{"start":{"line":28,"column":2},"end":{"line":33,"column":null}},"10":{"start":{"line":37,"column":2},"end":{"line":37,"column":null}},"11":{"start":{"line":38,"column":23},"end":{"line":38,"column":46}},"12":{"start":{"line":39,"column":23},"end":{"line":39,"column":47}},"13":{"start":{"line":41,"column":20},"end":{"line":41,"column":63}},"14":{"start":{"line":42,"column":2},"end":{"line":42,"column":null}},"15":{"start":{"line":44,"column":2},"end":{"line":44,"column":null}},"16":{"start":{"line":48,"column":26},"end":{"line":48,"column":52}},"17":{"start":{"line":50,"column":19},"end":{"line":50,"column":68}},"18":{"start":{"line":51,"column":2},"end":{"line":55,"column":null}},"19":{"start":{"line":52,"column":18},"end":{"line":52,"column":58}},"20":{"start":{"line":53,"column":4},"end":{"line":53,"column":null}},"21":{"start":{"line":54,"column":4},"end":{"line":54,"column":null}},"22":{"start":{"line":57,"column":23},"end":{"line":57,"column":54}},"23":{"start":{"line":58,"column":22},"end":{"line":58,"column":61}},"24":{"start":{"line":60,"column":15},"end":{"line":64,"column":4}},"25":{"start":{"line":66,"column":2},"end":{"line":66,"column":null}},"26":{"start":{"line":70,"column":26},"end":{"line":70,"column":52}},"27":{"start":{"line":72,"column":15},"end":{"line":72,"column":64}},"28":{"start":{"line":73,"column":2},"end":{"line":77,"column":null}},"29":{"start":{"line":74,"column":18},"end":{"line":74,"column":56}},"30":{"start":{"line":75,"column":4},"end":{"line":75,"column":null}},"31":{"start":{"line":76,"column":4},"end":{"line":76,"column":null}},"32":{"start":{"line":79,"column":26},"end":{"line":79,"column":76}},"33":{"start":{"line":80,"column":2},"end":{"line":84,"column":null}},"34":{"start":{"line":81,"column":18},"end":{"line":81,"column":56}},"35":{"start":{"line":82,"column":4},"end":{"line":82,"column":null}},"36":{"start":{"line":83,"column":4},"end":{"line":83,"column":null}},"37":{"start":{"line":86,"column":2},"end":{"line":86,"column":null}},"38":{"start":{"line":90,"column":2},"end":{"line":94,"column":null}},"39":{"start":{"line":91,"column":18},"end":{"line":91,"column":56}},"40":{"start":{"line":92,"column":4},"end":{"line":92,"column":null}},"41":{"start":{"line":93,"column":4},"end":{"line":93,"column":null}},"42":{"start":{"line":98,"column":2},"end":{"line":104,"column":null}},"43":{"start":{"line":99,"column":4},"end":{"line":99,"column":null}},"44":{"start":{"line":101,"column":18},"end":{"line":101,"column":61}},"45":{"start":{"line":102,"column":4},"end":{"line":102,"column":null}},"46":{"start":{"line":103,"column":4},"end":{"line":103,"column":null}},"47":{"start":{"line":107,"column":17},"end":{"line":107,"column":67}},"48":{"start":{"line":108,"column":2},"end":{"line":116,"column":null}},"49":{"start":{"line":112,"column":4},"end":{"line":112,"column":null}},"50":{"start":{"line":113,"column":18},"end":{"line":113,"column":61}},"51":{"start":{"line":114,"column":4},"end":{"line":114,"column":null}},"52":{"start":{"line":115,"column":4},"end":{"line":115,"column":null}},"53":{"start":{"line":118,"column":15},"end":{"line":118,"column":56}},"54":{"start":{"line":119,"column":2},"end":{"line":123,"column":null}},"55":{"start":{"line":120,"column":18},"end":{"line":120,"column":53}},"56":{"start":{"line":121,"column":4},"end":{"line":121,"column":null}},"57":{"start":{"line":122,"column":4},"end":{"line":122,"column":null}},"58":{"start":{"line":126,"column":2},"end":{"line":126,"column":null}},"59":{"start":{"line":127,"column":2},"end":{"line":127,"column":null}},"60":{"start":{"line":131,"column":2},"end":{"line":133,"column":null}},"61":{"start":{"line":132,"column":4},"end":{"line":132,"column":null}},"62":{"start":{"line":137,"column":2},"end":{"line":137,"column":null}},"63":{"start":{"line":143,"column":2},"end":{"line":153,"column":null}},"64":{"start":{"line":144,"column":19},"end":{"line":147,"column":6}},"65":{"start":{"line":148,"column":4},"end":{"line":148,"column":null}},"66":{"start":{"line":150,"column":18},"end":{"line":150,"column":60}},"67":{"start":{"line":151,"column":4},"end":{"line":151,"column":null}},"68":{"start":{"line":152,"column":4},"end":{"line":152,"column":null}},"69":{"start":{"line":155,"column":41},"end":{"line":155,"column":48}},"70":{"start":{"line":156,"column":26},"end":{"line":156,"column":52}},"71":{"start":{"line":159,"column":13},"end":{"line":159,"column":58}},"72":{"start":{"line":162,"column":2},"end":{"line":167,"column":null}},"73":{"start":{"line":163,"column":4},"end":{"line":163,"column":null}},"74":{"start":{"line":164,"column":4},"end":{"line":166,"column":null}},"75":{"start":{"line":165,"column":6},"end":{"line":165,"column":null}},"76":{"start":{"line":170,"column":2},"end":{"line":176,"column":null}},"77":{"start":{"line":171,"column":4},"end":{"line":175,"column":null}},"78":{"start":{"line":178,"column":2},"end":{"line":178,"column":null}},"79":{"start":{"line":181,"column":0},"end":{"line":181,"column":null}}},"fnMap":{"0":{"name":"createAccessToken","decl":{"start":{"line":11,"column":9},"end":{"line":11,"column":26}},"loc":{"start":{"line":11,"column":33},"end":{"line":17,"column":null}},"line":11},"1":{"name":"createRefreshToken","decl":{"start":{"line":19,"column":9},"end":{"line":19,"column":27}},"loc":{"start":{"line":19,"column":34},"end":{"line":25,"column":null}},"line":19},"2":{"name":"formatUser","decl":{"start":{"line":27,"column":9},"end":{"line":27,"column":19}},"loc":{"start":{"line":27,"column":26},"end":{"line":34,"column":null}},"line":27},"3":{"name":"issueTokens","decl":{"start":{"line":36,"column":15},"end":{"line":36,"column":26}},"loc":{"start":{"line":36,"column":33},"end":{"line":45,"column":null}},"line":36},"4":{"name":"register","decl":{"start":{"line":47,"column":15},"end":{"line":47,"column":23}},"loc":{"start":{"line":47,"column":51},"end":{"line":67,"column":null}},"line":47},"5":{"name":"login","decl":{"start":{"line":69,"column":15},"end":{"line":69,"column":20}},"loc":{"start":{"line":69,"column":42},"end":{"line":87,"column":null}},"line":69},"6":{"name":"refresh","decl":{"start":{"line":89,"column":15},"end":{"line":89,"column":22}},"loc":{"start":{"line":89,"column":40},"end":{"line":128,"column":null}},"line":89},"7":{"name":"logout","decl":{"start":{"line":130,"column":15},"end":{"line":130,"column":21}},"loc":{"start":{"line":130,"column":36},"end":{"line":134,"column":null}},"line":130},"8":{"name":"logoutAll","decl":{"start":{"line":136,"column":15},"end":{"line":136,"column":24}},"loc":{"start":{"line":136,"column":33},"end":{"line":138,"column":null}},"line":136},"9":{"name":"loginWithGoogle","decl":{"start":{"line":141,"column":15},"end":{"line":141,"column":30}},"loc":{"start":{"line":141,"column":40},"end":{"line":179,"column":null}},"line":141}},"branchMap":{"0":{"loc":{"start":{"line":51,"column":2},"end":{"line":55,"column":null}},"type":"if","locations":[{"start":{"line":51,"column":2},"end":{"line":55,"column":null}},{"start":{},"end":{}}],"line":51},"1":{"loc":{"start":{"line":58,"column":22},"end":{"line":58,"column":61}},"type":"cond-expr","locations":[{"start":{"line":58,"column":29},"end":{"line":58,"column":54}},{"start":{"line":58,"column":57},"end":{"line":58,"column":61}}],"line":58},"2":{"loc":{"start":{"line":73,"column":2},"end":{"line":77,"column":null}},"type":"if","locations":[{"start":{"line":73,"column":2},"end":{"line":77,"column":null}},{"start":{},"end":{}}],"line":73},"3":{"loc":{"start":{"line":80,"column":2},"end":{"line":84,"column":null}},"type":"if","locations":[{"start":{"line":80,"column":2},"end":{"line":84,"column":null}},{"start":{},"end":{}}],"line":80},"4":{"loc":{"start":{"line":90,"column":2},"end":{"line":94,"column":null}},"type":"if","locations":[{"start":{"line":90,"column":2},"end":{"line":94,"column":null}},{"start":{},"end":{}}],"line":90},"5":{"loc":{"start":{"line":108,"column":2},"end":{"line":116,"column":null}},"type":"if","locations":[{"start":{"line":108,"column":2},"end":{"line":116,"column":null}},{"start":{},"end":{}}],"line":108},"6":{"loc":{"start":{"line":119,"column":2},"end":{"line":123,"column":null}},"type":"if","locations":[{"start":{"line":119,"column":2},"end":{"line":123,"column":null}},{"start":{},"end":{}}],"line":119},"7":{"loc":{"start":{"line":131,"column":2},"end":{"line":133,"column":null}},"type":"if","locations":[{"start":{"line":131,"column":2},"end":{"line":133,"column":null}},{"start":{},"end":{}}],"line":131},"8":{"loc":{"start":{"line":162,"column":2},"end":{"line":167,"column":null}},"type":"if","locations":[{"start":{"line":162,"column":2},"end":{"line":167,"column":null}},{"start":{},"end":{}}],"line":162},"9":{"loc":{"start":{"line":164,"column":4},"end":{"line":166,"column":null}},"type":"if","locations":[{"start":{"line":164,"column":4},"end":{"line":166,"column":null}},{"start":{},"end":{}}],"line":164},"10":{"loc":{"start":{"line":170,"column":2},"end":{"line":176,"column":null}},"type":"if","locations":[{"start":{"line":170,"column":2},"end":{"line":176,"column":null}},{"start":{},"end":{}}],"line":170},"11":{"loc":{"start":{"line":172,"column":12},"end":{"line":172,"column":24}},"type":"binary-expr","locations":[{"start":{"line":172,"column":12},"end":{"line":172,"column":16}},{"start":{"line":172,"column":20},"end":{"line":172,"column":24}}],"line":172}},"s":{"0":1,"1":1,"2":1,"3":1,"4":1,"5":1,"6":1,"7":0,"8":0,"9":0,"10":0,"11":0,"12":0,"13":0,"14":0,"15":0,"16":0,"17":0,"18":0,"19":0,"20":0,"21":0,"22":0,"23":0,"24":0,"25":0,"26":0,"27":0,"28":0,"29":0,"30":0,"31":0,"32":0,"33":0,"34":0,"35":0,"36":0,"37":0,"38":0,"39":0,"40":0,"41":0,"42":0,"43":0,"44":0,"45":0,"46":0,"47":0,"48":0,"49":0,"50":0,"51":0,"52":0,"53":0,"54":0,"55":0,"56":0,"57":0,"58":0,"59":0,"60":0,"61":0,"62":0,"63":0,"64":0,"65":0,"66":0,"67":0,"68":0,"69":0,"70":0,"71":0,"72":0,"73":0,"74":0,"75":0,"76":0,"77":0,"78":0,"79":1},"f":{"0":0,"1":0,"2":0,"3":0,"4":0,"5":0,"6":0,"7":0,"8":0,"9":0},"b":{"0":[0,0],"1":[0,0],"2":[0,0],"3":[0,0],"4":[0,0],"5":[0,0],"6":[0,0],"7":[0,0],"8":[0,0],"9":[0,0],"10":[0,0],"11":[0,0]},"meta":{"lastBranch":12,"lastFunction":10,"lastStatement":80,"seen":{"s:1:15:1:34":0,"s:2:12:2:35":1,"s:3:23:3:64":2,"s:4:31:4:80":3,"s:5:25:5:55":4,"s:7:21:7:67":5,"s:9:29:9:52":6,"f:11:9:11:26":0,"s:12:2:16:Infinity":7,"f:19:9:19:27":1,"s:20:2:24:Infinity":8,"f:27:9:27:19":2,"s:28:2:33:Infinity":9,"f:36:15:36:26":3,"s:37:2:37:Infinity":10,"s:38:23:38:46":11,"s:39:23:39:47":12,"s:41:20:41:63":13,"s:42:2:42:Infinity":14,"s:44:2:44:Infinity":15,"f:47:15:47:23":4,"s:48:26:48:52":16,"s:50:19:50:68":17,"b:51:2:55:Infinity:undefined:undefined:undefined:undefined":0,"s:51:2:55:Infinity":18,"s:52:18:52:58":19,"s:53:4:53:Infinity":20,"s:54:4:54:Infinity":21,"s:57:23:57:54":22,"s:58:22:58:61":23,"b:58:29:58:54:58:57:58:61":1,"s:60:15:64:4":24,"s:66:2:66:Infinity":25,"f:69:15:69:20":5,"s:70:26:70:52":26,"s:72:15:72:64":27,"b:73:2:77:Infinity:undefined:undefined:undefined:undefined":2,"s:73:2:77:Infinity":28,"s:74:18:74:56":29,"s:75:4:75:Infinity":30,"s:76:4:76:Infinity":31,"s:79:26:79:76":32,"b:80:2:84:Infinity:undefined:undefined:undefined:undefined":3,"s:80:2:84:Infinity":33,"s:81:18:81:56":34,"s:82:4:82:Infinity":35,"s:83:4:83:Infinity":36,"s:86:2:86:Infinity":37,"f:89:15:89:22":6,"b:90:2:94:Infinity:undefined:undefined:undefined:undefined":4,"s:90:2:94:Infinity":38,"s:91:18:91:56":39,"s:92:4:92:Infinity":40,"s:93:4:93:Infinity":41,"s:98:2:104:Infinity":42,"s:99:4:99:Infinity":43,"s:101:18:101:61":44,"s:102:4:102:Infinity":45,"s:103:4:103:Infinity":46,"s:107:17:107:67":47,"b:108:2:116:Infinity:undefined:undefined:undefined:undefined":5,"s:108:2:116:Infinity":48,"s:112:4:112:Infinity":49,"s:113:18:113:61":50,"s:114:4:114:Infinity":51,"s:115:4:115:Infinity":52,"s:118:15:118:56":53,"b:119:2:123:Infinity:undefined:undefined:undefined:undefined":6,"s:119:2:123:Infinity":54,"s:120:18:120:53":55,"s:121:4:121:Infinity":56,"s:122:4:122:Infinity":57,"s:126:2:126:Infinity":58,"s:127:2:127:Infinity":59,"f:130:15:130:21":7,"b:131:2:133:Infinity:undefined:undefined:undefined:undefined":7,"s:131:2:133:Infinity":60,"s:132:4:132:Infinity":61,"f:136:15:136:24":8,"s:137:2:137:Infinity":62,"f:141:15:141:30":9,"s:143:2:153:Infinity":63,"s:144:19:147:6":64,"s:148:4:148:Infinity":65,"s:150:18:150:60":66,"s:151:4:151:Infinity":67,"s:152:4:152:Infinity":68,"s:155:41:155:48":69,"s:156:26:156:52":70,"s:159:13:159:58":71,"b:162:2:167:Infinity:undefined:undefined:undefined:undefined":8,"s:162:2:167:Infinity":72,"s:163:4:163:Infinity":73,"b:164:4:166:Infinity:undefined:undefined:undefined:undefined":9,"s:164:4:166:Infinity":74,"s:165:6:165:Infinity":75,"b:170:2:176:Infinity:undefined:undefined:undefined:undefined":10,"s:170:2:176:Infinity":76,"s:171:4:175:Infinity":77,"b:172:12:172:16:172:20:172:24":11,"s:178:2:178:Infinity":78,"s:181:0:181:Infinity":79},"fnNames":{}}}
,"C:\\projects\\abiturient_guide\\backend\\src\\services\\recommendationsService.js": {"path":"C:\\projects\\abiturient_guide\\backend\\src\\services\\recommendationsService.js","statementMap":{"0":{"start":{"line":8,"column":2},"end":{"line":14,"column":null}},"1":{"start":{"line":10,"column":19},"end":{"line":10,"column":59}},"2":{"start":{"line":11,"column":20},"end":{"line":11,"column":64}},"3":{"start":{"line":12,"column":6},"end":{"line":12,"column":null}},"4":{"start":{"line":14,"column":20},"end":{"line":14,"column":37}},"5":{"start":{"line":18,"column":15},"end":{"line":18,"column":24}},"6":{"start":{"line":20,"column":2},"end":{"line":35,"column":null}},"7":{"start":{"line":21,"column":16},"end":{"line":21,"column":61}},"8":{"start":{"line":23,"column":4},"end":{"line":26,"column":null}},"9":{"start":{"line":24,"column":6},"end":{"line":24,"column":null}},"10":{"start":{"line":25,"column":6},"end":{"line":25,"column":null}},"11":{"start":{"line":28,"column":21},"end":{"line":28,"column":34}},"12":{"start":{"line":30,"column":6},"end":{"line":32,"column":76}},"13":{"start":{"line":34,"column":4},"end":{"line":34,"column":null}},"14":{"start":{"line":34,"column":21},"end":{"line":34,"column":null}},"15":{"start":{"line":37,"column":2},"end":{"line":37,"column":null}},"16":{"start":{"line":41,"column":20},"end":{"line":41,"column":63}},"17":{"start":{"line":41,"column":48},"end":{"line":41,"column":62}},"18":{"start":{"line":42,"column":2},"end":{"line":42,"column":null}},"19":{"start":{"line":46,"column":2},"end":{"line":46,"column":null}},"20":{"start":{"line":48,"column":2},"end":{"line":48,"column":null}},"21":{"start":{"line":48,"column":36},"end":{"line":48,"column":null}},"22":{"start":{"line":50,"column":28},"end":{"line":50,"column":30}},"23":{"start":{"line":51,"column":17},"end":{"line":51,"column":25}},"24":{"start":{"line":53,"column":2},"end":{"line":57,"column":null}},"25":{"start":{"line":54,"column":17},"end":{"line":54,"column":26}},"26":{"start":{"line":55,"column":4},"end":{"line":55,"column":null}},"27":{"start":{"line":56,"column":4},"end":{"line":56,"column":null}},"28":{"start":{"line":59,"column":2},"end":{"line":62,"column":null}},"29":{"start":{"line":66,"column":18},"end":{"line":66,"column":62}},"30":{"start":{"line":68,"column":2},"end":{"line":72,"column":null}},"31":{"start":{"line":69,"column":18},"end":{"line":69,"column":67}},"32":{"start":{"line":70,"column":4},"end":{"line":70,"column":null}},"33":{"start":{"line":71,"column":4},"end":{"line":71,"column":null}},"34":{"start":{"line":74,"column":19},"end":{"line":74,"column":63}},"35":{"start":{"line":76,"column":17},"end":{"line":79,"column":3}},"36":{"start":{"line":81,"column":2},"end":{"line":86,"column":null}},"37":{"start":{"line":82,"column":4},"end":{"line":85,"column":null}},"38":{"start":{"line":88,"column":17},"end":{"line":88,"column":59}},"39":{"start":{"line":89,"column":23},"end":{"line":89,"column":51}},"40":{"start":{"line":90,"column":26},"end":{"line":90,"column":51}},"41":{"start":{"line":92,"column":17},"end":{"line":92,"column":37}},"42":{"start":{"line":93,"column":2},"end":{"line":102,"column":null}},"43":{"start":{"line":94,"column":4},"end":{"line":94,"column":null}},"44":{"start":{"line":95,"column":4},"end":{"line":95,"column":null}},"45":{"start":{"line":96,"column":4},"end":{"line":96,"column":null}},"46":{"start":{"line":98,"column":4},"end":{"line":98,"column":null}},"47":{"start":{"line":99,"column":4},"end":{"line":99,"column":null}},"48":{"start":{"line":101,"column":4},"end":{"line":101,"column":null}},"49":{"start":{"line":104,"column":2},"end":{"line":104,"column":null}},"50":{"start":{"line":108,"column":2},"end":{"line":108,"column":null}}},"fnMap":{"0":{"name":"scorePrograms","decl":{"start":{"line":7,"column":9},"end":{"line":7,"column":22}},"loc":{"start":{"line":7,"column":52},"end":{"line":15,"column":null}},"line":7},"1":{"name":"(anonymous_1)","decl":{"start":{"line":9,"column":9},"end":{"line":9,"column":13}},"loc":{"start":{"line":9,"column":17},"end":{"line":13,"column":5}},"line":9},"2":{"name":"(anonymous_2)","decl":{"start":{"line":14,"column":10},"end":{"line":14,"column":11}},"loc":{"start":{"line":14,"column":20},"end":{"line":14,"column":37}},"line":14},"3":{"name":"_deduplicatePrograms","decl":{"start":{"line":17,"column":9},"end":{"line":17,"column":29}},"loc":{"start":{"line":17,"column":38},"end":{"line":38,"column":null}},"line":17},"4":{"name":"_pickTop","decl":{"start":{"line":40,"column":9},"end":{"line":40,"column":17}},"loc":{"start":{"line":40,"column":39},"end":{"line":43,"column":null}},"line":40},"5":{"name":"(anonymous_5)","decl":{"start":{"line":41,"column":40},"end":{"line":41,"column":44}},"loc":{"start":{"line":41,"column":48},"end":{"line":41,"column":62}},"line":41},"6":{"name":"_saveRecommendations","decl":{"start":{"line":45,"column":15},"end":{"line":45,"column":35}},"loc":{"start":{"line":45,"column":69},"end":{"line":63,"column":null}},"line":45},"7":{"name":"(anonymous_7)","decl":{"start":{"line":53,"column":26},"end":{"line":53,"column":27}},"loc":{"start":{"line":53,"column":36},"end":{"line":57,"column":3}},"line":53},"8":{"name":"generate","decl":{"start":{"line":65,"column":15},"end":{"line":65,"column":23}},"loc":{"start":{"line":65,"column":32},"end":{"line":105,"column":null}},"line":65},"9":{"name":"getForUser","decl":{"start":{"line":107,"column":15},"end":{"line":107,"column":25}},"loc":{"start":{"line":107,"column":34},"end":{"line":109,"column":null}},"line":107}},"branchMap":{"0":{"loc":{"start":{"line":23,"column":4},"end":{"line":26,"column":null}},"type":"if","locations":[{"start":{"line":23,"column":4},"end":{"line":26,"column":null}},{"start":{},"end":{}}],"line":23},"1":{"loc":{"start":{"line":30,"column":6},"end":{"line":32,"column":76}},"type":"binary-expr","locations":[{"start":{"line":30,"column":7},"end":{"line":30,"column":26}},{"start":{"line":30,"column":30},"end":{"line":30,"column":44}},{"start":{"line":31,"column":7},"end":{"line":31,"column":44}},{"start":{"line":32,"column":8},"end":{"line":32,"column":75}}],"line":30},"2":{"loc":{"start":{"line":34,"column":4},"end":{"line":34,"column":null}},"type":"if","locations":[{"start":{"line":34,"column":4},"end":{"line":34,"column":null}},{"start":{},"end":{}}],"line":34},"3":{"loc":{"start":{"line":40,"column":32},"end":{"line":40,"column":37}},"type":"default-arg","locations":[{"start":{"line":40,"column":36},"end":{"line":40,"column":37}}],"line":40},"4":{"loc":{"start":{"line":42,"column":9},"end":{"line":42,"column":80}},"type":"cond-expr","locations":[{"start":{"line":42,"column":32},"end":{"line":42,"column":53}},{"start":{"line":42,"column":56},"end":{"line":42,"column":80}}],"line":42},"5":{"loc":{"start":{"line":48,"column":2},"end":{"line":48,"column":null}},"type":"if","locations":[{"start":{"line":48,"column":2},"end":{"line":48,"column":null}},{"start":{},"end":{}}],"line":48},"6":{"loc":{"start":{"line":68,"column":2},"end":{"line":72,"column":null}},"type":"if","locations":[{"start":{"line":68,"column":2},"end":{"line":72,"column":null}},{"start":{},"end":{}}],"line":68},"7":{"loc":{"start":{"line":78,"column":4},"end":{"line":78,"column":null}},"type":"binary-expr","locations":[{"start":{"line":78,"column":4},"end":{"line":78,"column":16}},{"start":{"line":78,"column":20},"end":{"line":78,"column":null}}],"line":78},"8":{"loc":{"start":{"line":81,"column":2},"end":{"line":86,"column":null}},"type":"if","locations":[{"start":{"line":81,"column":2},"end":{"line":86,"column":null}},{"start":{},"end":{}}],"line":81},"9":{"loc":{"start":{"line":81,"column":6},"end":{"line":81,"column":43}},"type":"binary-expr","locations":[{"start":{"line":81,"column":6},"end":{"line":81,"column":27}},{"start":{"line":81,"column":31},"end":{"line":81,"column":43}}],"line":81}},"s":{"0":5,"1":5,"2":5,"3":5,"4":0,"5":6,"6":6,"7":7,"8":7,"9":6,"10":6,"11":1,"12":1,"13":7,"14":1,"15":6,"16":6,"17":8,"18":6,"19":7,"20":6,"21":1,"22":5,"23":5,"24":5,"25":6,"26":6,"27":6,"28":5,"29":6,"30":6,"31":1,"32":1,"33":1,"34":5,"35":5,"36":5,"37":1,"38":5,"39":5,"40":5,"41":5,"42":5,"43":5,"44":5,"45":4,"46":1,"47":1,"48":5,"49":4,"50":1},"f":{"0":5,"1":5,"2":0,"3":6,"4":6,"5":8,"6":7,"7":6,"8":6,"9":1},"b":{"0":[6,1],"1":[1,1,0,0],"2":[1,6],"3":[6],"4":[6,0],"5":[1,5],"6":[1,5],"7":[5,0],"8":[1,4],"9":[5,1]},"meta":{"lastBranch":10,"lastFunction":10,"lastStatement":51,"seen":{"f:7:9:7:22":0,"s:8:2:14:Infinity":0,"f:9:9:9:13":1,"s:10:19:10:59":1,"s:11:20:11:64":2,"s:12:6:12:Infinity":3,"f:14:10:14:11":2,"s:14:20:14:37":4,"f:17:9:17:29":3,"s:18:15:18:24":5,"s:20:2:35:Infinity":6,"s:21:16:21:61":7,"b:23:4:26:Infinity:undefined:undefined:undefined:undefined":0,"s:23:4:26:Infinity":8,"s:24:6:24:Infinity":9,"s:25:6:25:Infinity":10,"s:28:21:28:34":11,"s:30:6:32:76":12,"b:30:7:30:26:30:30:30:44:31:7:31:44:32:8:32:75":1,"b:34:4:34:Infinity:undefined:undefined:undefined:undefined":2,"s:34:4:34:Infinity":13,"s:34:21:34:Infinity":14,"s:37:2:37:Infinity":15,"f:40:9:40:17":4,"b:40:36:40:37":3,"s:41:20:41:63":16,"f:41:40:41:44":5,"s:41:48:41:62":17,"s:42:2:42:Infinity":18,"b:42:32:42:53:42:56:42:80":4,"f:45:15:45:35":6,"s:46:2:46:Infinity":19,"b:48:2:48:Infinity:undefined:undefined:undefined:undefined":5,"s:48:2:48:Infinity":20,"s:48:36:48:Infinity":21,"s:50:28:50:30":22,"s:51:17:51:25":23,"s:53:2:57:Infinity":24,"f:53:26:53:27":7,"s:54:17:54:26":25,"s:55:4:55:Infinity":26,"s:56:4:56:Infinity":27,"s:59:2:62:Infinity":28,"f:65:15:65:23":8,"s:66:18:66:62":29,"b:68:2:72:Infinity:undefined:undefined:undefined:undefined":6,"s:68:2:72:Infinity":30,"s:69:18:69:67":31,"s:70:4:70:Infinity":32,"s:71:4:71:Infinity":33,"s:74:19:74:63":34,"s:76:17:79:3":35,"b:78:4:78:16:78:20:78:Infinity":7,"b:81:2:86:Infinity:undefined:undefined:undefined:undefined":8,"s:81:2:86:Infinity":36,"b:81:6:81:27:81:31:81:43":9,"s:82:4:85:Infinity":37,"s:88:17:88:59":38,"s:89:23:89:51":39,"s:90:26:90:51":40,"s:92:17:92:37":41,"s:93:2:102:Infinity":42,"s:94:4:94:Infinity":43,"s:95:4:95:Infinity":44,"s:96:4:96:Infinity":45,"s:98:4:98:Infinity":46,"s:99:4:99:Infinity":47,"s:101:4:101:Infinity":48,"s:104:2:104:Infinity":49,"f:107:15:107:25":9,"s:108:2:108:Infinity":50},"fnNames":{}}}
,"C:\\projects\\abiturient_guide\\backend\\src\\services\\recommender.js": {"path":"C:\\projects\\abiturient_guide\\backend\\src\\services\\recommender.js","statementMap":{"0":{"start":{"line":13,"column":15},"end":{"line":34,"column":1}},"1":{"start":{"line":38,"column":17},"end":{"line":91,"column":1}},"2":{"start":{"line":98,"column":24},"end":{"line":108,"column":1}},"3":{"start":{"line":111,"column":2},"end":{"line":111,"column":23}},"4":{"start":{"line":111,"column":13},"end":{"line":111,"column":23}},"5":{"start":{"line":112,"column":15},"end":{"line":112,"column":17}},"6":{"start":{"line":113,"column":2},"end":{"line":115,"column":3}},"7":{"start":{"line":114,"column":4},"end":{"line":114,"column":61}},"8":{"start":{"line":114,"column":46},"end":{"line":114,"column":61}},"9":{"start":{"line":116,"column":2},"end":{"line":116,"column":14}},"10":{"start":{"line":122,"column":2},"end":{"line":122,"column":32}},"11":{"start":{"line":126,"column":2},"end":{"line":126,"column":39}},"12":{"start":{"line":126,"column":29},"end":{"line":126,"column":39}},"13":{"start":{"line":127,"column":2},"end":{"line":129,"column":21}},"14":{"start":{"line":128,"column":17},"end":{"line":128,"column":65}},"15":{"start":{"line":133,"column":2},"end":{"line":133,"column":59}},"16":{"start":{"line":133,"column":50},"end":{"line":133,"column":59}},"17":{"start":{"line":134,"column":16},"end":{"line":134,"column":59}},"18":{"start":{"line":135,"column":12},"end":{"line":135,"column":13}},"19":{"start":{"line":135,"column":22},"end":{"line":135,"column":23}},"20":{"start":{"line":135,"column":32},"end":{"line":135,"column":33}},"21":{"start":{"line":136,"column":2},"end":{"line":140,"column":3}},"22":{"start":{"line":137,"column":14},"end":{"line":137,"column":43}},"23":{"start":{"line":138,"column":14},"end":{"line":138,"column":43}},"24":{"start":{"line":139,"column":4},"end":{"line":139,"column":17}},"25":{"start":{"line":139,"column":18},"end":{"line":139,"column":32}},"26":{"start":{"line":139,"column":33},"end":{"line":139,"column":47}},"27":{"start":{"line":141,"column":2},"end":{"line":141,"column":41}},"28":{"start":{"line":141,"column":32},"end":{"line":141,"column":41}},"29":{"start":{"line":142,"column":2},"end":{"line":142,"column":51}},"30":{"start":{"line":148,"column":2},"end":{"line":148,"column":65}},"31":{"start":{"line":148,"column":56},"end":{"line":148,"column":65}},"32":{"start":{"line":149,"column":14},"end":{"line":149,"column":34}},"33":{"start":{"line":150,"column":14},"end":{"line":150,"column":31}},"34":{"start":{"line":151,"column":2},"end":{"line":151,"column":35}},"35":{"start":{"line":151,"column":17},"end":{"line":151,"column":35}},"36":{"start":{"line":152,"column":2},"end":{"line":152,"column":36}},"37":{"start":{"line":152,"column":17},"end":{"line":152,"column":36}},"38":{"start":{"line":153,"column":2},"end":{"line":153,"column":20}},"39":{"start":{"line":162,"column":16},"end":{"line":162,"column":17}},"40":{"start":{"line":164,"column":26},"end":{"line":164,"column":66}},"41":{"start":{"line":165,"column":2},"end":{"line":169,"column":3}},"42":{"start":{"line":166,"column":21},"end":{"line":166,"column":64}},"43":{"start":{"line":167,"column":4},"end":{"line":168,"column":39}},"44":{"start":{"line":167,"column":43},"end":{"line":167,"column":63}},"45":{"start":{"line":171,"column":24},"end":{"line":171,"column":62}},"46":{"start":{"line":172,"column":2},"end":{"line":176,"column":3}},"47":{"start":{"line":173,"column":17},"end":{"line":173,"column":47}},"48":{"start":{"line":174,"column":4},"end":{"line":175,"column":39}},"49":{"start":{"line":174,"column":41},"end":{"line":174,"column":57}},"50":{"start":{"line":178,"column":2},"end":{"line":178,"column":17}},"51":{"start":{"line":184,"column":25},"end":{"line":188,"column":3}},"52":{"start":{"line":190,"column":18},"end":{"line":196,"column":3}},"53":{"start":{"line":198,"column":20},"end":{"line":198,"column":21}},"54":{"start":{"line":199,"column":20},"end":{"line":199,"column":21}},"55":{"start":{"line":201,"column":2},"end":{"line":207,"column":3}},"56":{"start":{"line":202,"column":4},"end":{"line":202,"column":37}},"57":{"start":{"line":202,"column":28},"end":{"line":202,"column":37}},"58":{"start":{"line":203,"column":19},"end":{"line":203,"column":38}},"59":{"start":{"line":204,"column":19},"end":{"line":204,"column":58}},"60":{"start":{"line":205,"column":4},"end":{"line":205,"column":32}},"61":{"start":{"line":206,"column":4},"end":{"line":206,"column":26}},"62":{"start":{"line":209,"column":2},"end":{"line":209,"column":34}},"63":{"start":{"line":209,"column":25},"end":{"line":209,"column":34}},"64":{"start":{"line":211,"column":14},"end":{"line":211,"column":59}},"65":{"start":{"line":214,"column":2},"end":{"line":214,"column":88}},"66":{"start":{"line":215,"column":2},"end":{"line":215,"column":54}},"67":{"start":{"line":215,"column":27},"end":{"line":215,"column":54}},"68":{"start":{"line":218,"column":2},"end":{"line":218,"column":92}},"69":{"start":{"line":219,"column":2},"end":{"line":219,"column":50}},"70":{"start":{"line":221,"column":2},"end":{"line":221,"column":43}},"71":{"start":{"line":227,"column":25},"end":{"line":231,"column":3}},"72":{"start":{"line":233,"column":27},"end":{"line":233,"column":100}},"73":{"start":{"line":233,"column":73},"end":{"line":233,"column":99}},"74":{"start":{"line":234,"column":27},"end":{"line":234,"column":99}},"75":{"start":{"line":234,"column":72},"end":{"line":234,"column":98}},"76":{"start":{"line":235,"column":27},"end":{"line":235,"column":97}},"77":{"start":{"line":235,"column":70},"end":{"line":235,"column":96}},"78":{"start":{"line":236,"column":27},"end":{"line":236,"column":91}},"79":{"start":{"line":236,"column":64},"end":{"line":236,"column":90}},"80":{"start":{"line":237,"column":27},"end":{"line":237,"column":107}},"81":{"start":{"line":237,"column":80},"end":{"line":237,"column":106}},"82":{"start":{"line":239,"column":16},"end":{"line":239,"column":18}},"83":{"start":{"line":240,"column":2},"end":{"line":240,"column":105}},"84":{"start":{"line":240,"column":35},"end":{"line":240,"column":105}},"85":{"start":{"line":241,"column":2},"end":{"line":241,"column":104}},"86":{"start":{"line":241,"column":35},"end":{"line":241,"column":104}},"87":{"start":{"line":242,"column":2},"end":{"line":242,"column":100}},"88":{"start":{"line":242,"column":35},"end":{"line":242,"column":100}},"89":{"start":{"line":243,"column":2},"end":{"line":243,"column":96}},"90":{"start":{"line":243,"column":35},"end":{"line":243,"column":96}},"91":{"start":{"line":244,"column":2},"end":{"line":244,"column":108}},"92":{"start":{"line":244,"column":35},"end":{"line":244,"column":108}},"93":{"start":{"line":246,"column":17},"end":{"line":246,"column":19}},"94":{"start":{"line":247,"column":17},"end":{"line":247,"column":68}},"95":{"start":{"line":248,"column":2},"end":{"line":249,"column":61}},"96":{"start":{"line":249,"column":4},"end":{"line":249,"column":61}},"97":{"start":{"line":250,"column":2},"end":{"line":251,"column":50}},"98":{"start":{"line":251,"column":4},"end":{"line":251,"column":50}},"99":{"start":{"line":253,"column":19},"end":{"line":253,"column":21}},"100":{"start":{"line":254,"column":21},"end":{"line":254,"column":101}},"101":{"start":{"line":255,"column":2},"end":{"line":256,"column":102}},"102":{"start":{"line":256,"column":4},"end":{"line":256,"column":102}},"103":{"start":{"line":257,"column":2},"end":{"line":258,"column":85}},"104":{"start":{"line":258,"column":4},"end":{"line":258,"column":85}},"105":{"start":{"line":260,"column":15},"end":{"line":260,"column":17}},"106":{"start":{"line":261,"column":2},"end":{"line":261,"column":74}},"107":{"start":{"line":261,"column":26},"end":{"line":261,"column":74}},"108":{"start":{"line":262,"column":2},"end":{"line":262,"column":82}},"109":{"start":{"line":262,"column":26},"end":{"line":262,"column":82}},"110":{"start":{"line":263,"column":2},"end":{"line":263,"column":67}},"111":{"start":{"line":263,"column":27},"end":{"line":263,"column":67}},"112":{"start":{"line":265,"column":2},"end":{"line":265,"column":87}},"113":{"start":{"line":268,"column":0},"end":{"line":276,"column":null}}},"fnMap":{"0":{"name":"classifyCareerGoal","decl":{"start":{"line":110,"column":9},"end":{"line":110,"column":27}},"loc":{"start":{"line":110,"column":34},"end":{"line":117,"column":1}},"line":110},"1":{"name":"applySynonyms","decl":{"start":{"line":121,"column":9},"end":{"line":121,"column":22}},"loc":{"start":{"line":121,"column":29},"end":{"line":123,"column":1}},"line":121},"2":{"name":"normalizeArray","decl":{"start":{"line":125,"column":9},"end":{"line":125,"column":23}},"loc":{"start":{"line":125,"column":31},"end":{"line":130,"column":1}},"line":125},"3":{"name":"(anonymous_3)","decl":{"start":{"line":128,"column":9},"end":{"line":128,"column":13}},"loc":{"start":{"line":128,"column":17},"end":{"line":128,"column":65}},"line":128},"4":{"name":"cosineSimilarity","decl":{"start":{"line":132,"column":9},"end":{"line":132,"column":25}},"loc":{"start":{"line":132,"column":42},"end":{"line":143,"column":1}},"line":132},"5":{"name":"calcEntPenalty","decl":{"start":{"line":147,"column":9},"end":{"line":147,"column":23}},"loc":{"start":{"line":147,"column":45},"end":{"line":154,"column":1}},"line":147},"6":{"name":"calcDislikePenalty","decl":{"start":{"line":161,"column":9},"end":{"line":161,"column":27}},"loc":{"start":{"line":161,"column":48},"end":{"line":179,"column":1}},"line":161},"7":{"name":"(anonymous_7)","decl":{"start":{"line":167,"column":38},"end":{"line":167,"column":39}},"loc":{"start":{"line":167,"column":43},"end":{"line":167,"column":63}},"line":167},"8":{"name":"(anonymous_8)","decl":{"start":{"line":174,"column":36},"end":{"line":174,"column":37}},"loc":{"start":{"line":174,"column":41},"end":{"line":174,"column":57}},"line":174},"9":{"name":"calculateScore","decl":{"start":{"line":183,"column":9},"end":{"line":183,"column":23}},"loc":{"start":{"line":183,"column":59},"end":{"line":222,"column":1}},"line":183},"10":{"name":"buildReason","decl":{"start":{"line":226,"column":9},"end":{"line":226,"column":20}},"loc":{"start":{"line":226,"column":63},"end":{"line":266,"column":1}},"line":226},"11":{"name":"(anonymous_11)","decl":{"start":{"line":233,"column":68},"end":{"line":233,"column":69}},"loc":{"start":{"line":233,"column":73},"end":{"line":233,"column":99}},"line":233},"12":{"name":"(anonymous_12)","decl":{"start":{"line":234,"column":67},"end":{"line":234,"column":68}},"loc":{"start":{"line":234,"column":72},"end":{"line":234,"column":98}},"line":234},"13":{"name":"(anonymous_13)","decl":{"start":{"line":235,"column":65},"end":{"line":235,"column":66}},"loc":{"start":{"line":235,"column":70},"end":{"line":235,"column":96}},"line":235},"14":{"name":"(anonymous_14)","decl":{"start":{"line":236,"column":59},"end":{"line":236,"column":60}},"loc":{"start":{"line":236,"column":64},"end":{"line":236,"column":90}},"line":236},"15":{"name":"(anonymous_15)","decl":{"start":{"line":237,"column":75},"end":{"line":237,"column":76}},"loc":{"start":{"line":237,"column":80},"end":{"line":237,"column":106}},"line":237}},"branchMap":{"0":{"loc":{"start":{"line":111,"column":2},"end":{"line":111,"column":23}},"type":"if","locations":[{"start":{"line":111,"column":2},"end":{"line":111,"column":23}},{"start":{},"end":{}}],"line":111},"1":{"loc":{"start":{"line":114,"column":4},"end":{"line":114,"column":61}},"type":"if","locations":[{"start":{"line":114,"column":4},"end":{"line":114,"column":61}},{"start":{},"end":{}}],"line":114},"2":{"loc":{"start":{"line":114,"column":8},"end":{"line":114,"column":44}},"type":"binary-expr","locations":[{"start":{"line":114,"column":8},"end":{"line":114,"column":21}},{"start":{"line":114,"column":25},"end":{"line":114,"column":44}}],"line":114},"3":{"loc":{"start":{"line":122,"column":9},"end":{"line":122,"column":31}},"type":"binary-expr","locations":[{"start":{"line":122,"column":9},"end":{"line":122,"column":23}},{"start":{"line":122,"column":27},"end":{"line":122,"column":31}}],"line":122},"4":{"loc":{"start":{"line":126,"column":2},"end":{"line":126,"column":39}},"type":"if","locations":[{"start":{"line":126,"column":2},"end":{"line":126,"column":39}},{"start":{},"end":{}}],"line":126},"5":{"loc":{"start":{"line":133,"column":2},"end":{"line":133,"column":59}},"type":"if","locations":[{"start":{"line":133,"column":2},"end":{"line":133,"column":59}},{"start":{},"end":{}}],"line":133},"6":{"loc":{"start":{"line":133,"column":6},"end":{"line":133,"column":48}},"type":"binary-expr","locations":[{"start":{"line":133,"column":6},"end":{"line":133,"column":25}},{"start":{"line":133,"column":29},"end":{"line":133,"column":48}}],"line":133},"7":{"loc":{"start":{"line":137,"column":14},"end":{"line":137,"column":43}},"type":"cond-expr","locations":[{"start":{"line":137,"column":38},"end":{"line":137,"column":39}},{"start":{"line":137,"column":42},"end":{"line":137,"column":43}}],"line":137},"8":{"loc":{"start":{"line":138,"column":14},"end":{"line":138,"column":43}},"type":"cond-expr","locations":[{"start":{"line":138,"column":38},"end":{"line":138,"column":39}},{"start":{"line":138,"column":42},"end":{"line":138,"column":43}}],"line":138},"9":{"loc":{"start":{"line":141,"column":2},"end":{"line":141,"column":41}},"type":"if","locations":[{"start":{"line":141,"column":2},"end":{"line":141,"column":41}},{"start":{},"end":{}}],"line":141},"10":{"loc":{"start":{"line":141,"column":6},"end":{"line":141,"column":30}},"type":"binary-expr","locations":[{"start":{"line":141,"column":6},"end":{"line":141,"column":16}},{"start":{"line":141,"column":20},"end":{"line":141,"column":30}}],"line":141},"11":{"loc":{"start":{"line":148,"column":2},"end":{"line":148,"column":65}},"type":"if","locations":[{"start":{"line":148,"column":2},"end":{"line":148,"column":65}},{"start":{},"end":{}}],"line":148},"12":{"loc":{"start":{"line":148,"column":6},"end":{"line":148,"column":54}},"type":"binary-expr","locations":[{"start":{"line":148,"column":6},"end":{"line":148,"column":16}},{"start":{"line":148,"column":20},"end":{"line":148,"column":29}},{"start":{"line":148,"column":33},"end":{"line":148,"column":54}}],"line":148},"13":{"loc":{"start":{"line":151,"column":2},"end":{"line":151,"column":35}},"type":"if","locations":[{"start":{"line":151,"column":2},"end":{"line":151,"column":35}},{"start":{},"end":{}}],"line":151},"14":{"loc":{"start":{"line":152,"column":2},"end":{"line":152,"column":36}},"type":"if","locations":[{"start":{"line":152,"column":2},"end":{"line":152,"column":36}},{"start":{},"end":{}}],"line":152},"15":{"loc":{"start":{"line":165,"column":2},"end":{"line":169,"column":3}},"type":"if","locations":[{"start":{"line":165,"column":2},"end":{"line":169,"column":3}},{"start":{},"end":{}}],"line":165},"16":{"loc":{"start":{"line":172,"column":2},"end":{"line":176,"column":3}},"type":"if","locations":[{"start":{"line":172,"column":2},"end":{"line":176,"column":3}},{"start":{},"end":{}}],"line":172},"17":{"loc":{"start":{"line":183,"column":44},"end":{"line":183,"column":57}},"type":"default-arg","locations":[{"start":{"line":183,"column":55},"end":{"line":183,"column":57}}],"line":183},"18":{"loc":{"start":{"line":202,"column":4},"end":{"line":202,"column":37}},"type":"if","locations":[{"start":{"line":202,"column":4},"end":{"line":202,"column":37}},{"start":{},"end":{}}],"line":202},"19":{"loc":{"start":{"line":209,"column":2},"end":{"line":209,"column":34}},"type":"if","locations":[{"start":{"line":209,"column":2},"end":{"line":209,"column":34}},{"start":{},"end":{}}],"line":209},"20":{"loc":{"start":{"line":214,"column":11},"end":{"line":214,"column":87}},"type":"binary-expr","locations":[{"start":{"line":214,"column":11},"end":{"line":214,"column":82}},{"start":{"line":214,"column":86},"end":{"line":214,"column":87}}],"line":214},"21":{"loc":{"start":{"line":214,"column":31},"end":{"line":214,"column":59}},"type":"binary-expr","locations":[{"start":{"line":214,"column":31},"end":{"line":214,"column":53}},{"start":{"line":214,"column":57},"end":{"line":214,"column":59}}],"line":214},"22":{"loc":{"start":{"line":215,"column":2},"end":{"line":215,"column":54}},"type":"if","locations":[{"start":{"line":215,"column":2},"end":{"line":215,"column":54}},{"start":{},"end":{}}],"line":215},"23":{"loc":{"start":{"line":218,"column":33},"end":{"line":218,"column":55}},"type":"binary-expr","locations":[{"start":{"line":218,"column":33},"end":{"line":218,"column":50}},{"start":{"line":218,"column":54},"end":{"line":218,"column":55}}],"line":218},"24":{"loc":{"start":{"line":218,"column":65},"end":{"line":218,"column":89}},"type":"binary-expr","locations":[{"start":{"line":218,"column":65},"end":{"line":218,"column":84}},{"start":{"line":218,"column":88},"end":{"line":218,"column":89}}],"line":218},"25":{"loc":{"start":{"line":226,"column":48},"end":{"line":226,"column":61}},"type":"default-arg","locations":[{"start":{"line":226,"column":59},"end":{"line":226,"column":61}}],"line":226},"26":{"loc":{"start":{"line":240,"column":2},"end":{"line":240,"column":105}},"type":"if","locations":[{"start":{"line":240,"column":2},"end":{"line":240,"column":105}},{"start":{},"end":{}}],"line":240},"27":{"loc":{"start":{"line":241,"column":2},"end":{"line":241,"column":104}},"type":"if","locations":[{"start":{"line":241,"column":2},"end":{"line":241,"column":104}},{"start":{},"end":{}}],"line":241},"28":{"loc":{"start":{"line":242,"column":2},"end":{"line":242,"column":100}},"type":"if","locations":[{"start":{"line":242,"column":2},"end":{"line":242,"column":100}},{"start":{},"end":{}}],"line":242},"29":{"loc":{"start":{"line":243,"column":2},"end":{"line":243,"column":96}},"type":"if","locations":[{"start":{"line":243,"column":2},"end":{"line":243,"column":96}},{"start":{},"end":{}}],"line":243},"30":{"loc":{"start":{"line":244,"column":2},"end":{"line":244,"column":108}},"type":"if","locations":[{"start":{"line":244,"column":2},"end":{"line":244,"column":108}},{"start":{},"end":{}}],"line":244},"31":{"loc":{"start":{"line":247,"column":18},"end":{"line":247,"column":46}},"type":"binary-expr","locations":[{"start":{"line":247,"column":18},"end":{"line":247,"column":40}},{"start":{"line":247,"column":44},"end":{"line":247,"column":46}}],"line":247},"32":{"loc":{"start":{"line":248,"column":2},"end":{"line":249,"column":61}},"type":"if","locations":[{"start":{"line":248,"column":2},"end":{"line":249,"column":61}},{"start":{},"end":{}}],"line":248},"33":{"loc":{"start":{"line":248,"column":6},"end":{"line":248,"column":56}},"type":"binary-expr","locations":[{"start":{"line":248,"column":6},"end":{"line":248,"column":32}},{"start":{"line":248,"column":36},"end":{"line":248,"column":56}}],"line":248},"34":{"loc":{"start":{"line":250,"column":2},"end":{"line":251,"column":50}},"type":"if","locations":[{"start":{"line":250,"column":2},"end":{"line":251,"column":50}},{"start":{},"end":{}}],"line":250},"35":{"loc":{"start":{"line":254,"column":43},"end":{"line":254,"column":65}},"type":"binary-expr","locations":[{"start":{"line":254,"column":43},"end":{"line":254,"column":60}},{"start":{"line":254,"column":64},"end":{"line":254,"column":65}}],"line":254},"36":{"loc":{"start":{"line":254,"column":75},"end":{"line":254,"column":99}},"type":"binary-expr","locations":[{"start":{"line":254,"column":75},"end":{"line":254,"column":94}},{"start":{"line":254,"column":98},"end":{"line":254,"column":99}}],"line":254},"37":{"loc":{"start":{"line":255,"column":2},"end":{"line":256,"column":102}},"type":"if","locations":[{"start":{"line":255,"column":2},"end":{"line":256,"column":102}},{"start":{},"end":{}}],"line":255},"38":{"loc":{"start":{"line":257,"column":2},"end":{"line":258,"column":85}},"type":"if","locations":[{"start":{"line":257,"column":2},"end":{"line":258,"column":85}},{"start":{},"end":{}}],"line":257},"39":{"loc":{"start":{"line":261,"column":2},"end":{"line":261,"column":74}},"type":"if","locations":[{"start":{"line":261,"column":2},"end":{"line":261,"column":74}},{"start":{},"end":{}}],"line":261},"40":{"loc":{"start":{"line":262,"column":2},"end":{"line":262,"column":82}},"type":"if","locations":[{"start":{"line":262,"column":2},"end":{"line":262,"column":82}},{"start":{},"end":{}}],"line":262},"41":{"loc":{"start":{"line":262,"column":37},"end":{"line":262,"column":54}},"type":"cond-expr","locations":[{"start":{"line":262,"column":46},"end":{"line":262,"column":49}},{"start":{"line":262,"column":52},"end":{"line":262,"column":54}}],"line":262},"42":{"loc":{"start":{"line":263,"column":2},"end":{"line":263,"column":67}},"type":"if","locations":[{"start":{"line":263,"column":2},"end":{"line":263,"column":67}},{"start":{},"end":{}}],"line":263},"43":{"loc":{"start":{"line":265,"column":9},"end":{"line":265,"column":86}},"type":"binary-expr","locations":[{"start":{"line":265,"column":9},"end":{"line":265,"column":15}},{"start":{"line":265,"column":19},"end":{"line":265,"column":86}}],"line":265}},"s":{"0":1,"1":1,"2":1,"3":10,"4":10,"5":0,"6":118,"7":1,"8":0,"9":0,"10":70,"11":90,"12":0,"13":0,"14":70,"15":54,"16":0,"17":3,"18":18,"19":18,"20":18,"21":0,"22":60,"23":60,"24":60,"25":60,"26":60,"27":18,"28":0,"29":10,"30":3,"31":10,"32":0,"33":0,"34":0,"35":0,"36":0,"37":0,"38":0,"39":5,"40":5,"41":5,"42":0,"43":0,"44":0,"45":3,"46":17,"47":0,"48":0,"49":0,"50":10,"51":10,"52":10,"53":18,"54":18,"55":18,"56":25,"57":5,"58":8,"59":8,"60":8,"61":20,"62":10,"63":0,"64":5,"65":6,"66":10,"67":10,"68":5,"69":5,"70":5,"71":5,"72":5,"73":5,"74":5,"75":5,"76":5,"77":5,"78":5,"79":5,"80":3,"81":0,"82":1,"83":5,"84":0,"85":5,"86":0,"87":5,"88":0,"89":5,"90":5,"91":5,"92":0,"93":5,"94":5,"95":5,"96":5,"97":5,"98":1,"99":1,"100":1,"101":1,"102":1,"103":3,"104":0,"105":2,"106":2,"107":5,"108":0,"109":0,"110":5,"111":0,"112":5,"113":1},"f":{"0":7,"1":118,"2":90,"3":70,"4":18,"5":2,"6":5,"7":0,"8":0,"9":10,"10":5,"11":5,"12":5,"13":5,"14":5,"15":0},"b":{"0":[10,0],"1":[0,1],"2":[1,0],"3":[70,0],"4":[0,90],"5":[0,54],"6":[54,54],"7":[20,40],"8":[60,0],"9":[0,18],"10":[18,18],"11":[10,-7],"12":[3,3,0],"13":[0,0],"14":[0,0],"15":[0,5],"16":[0,17],"17":[10],"18":[5,20],"19":[0,10],"20":[10,0],"21":[10,0],"22":[10,0],"23":[5,0],"24":[5,5],"25":[5],"26":[0,5],"27":[0,5],"28":[0,5],"29":[5,0],"30":[0,5],"31":[5,0],"32":[5,0],"33":[5,5],"34":[1,4],"35":[5,0],"36":[1,1],"37":[1,0],"38":[0,3],"39":[5,-3],"40":[0,0],"41":[5,0],"42":[0,5],"43":[5,0]},"meta":{"lastBranch":44,"lastFunction":16,"lastStatement":114,"seen":{"s:13:15:34:1":0,"s:38:17:91:1":1,"s:98:24:108:1":2,"f:110:9:110:27":0,"b:111:2:111:23:undefined:undefined:undefined:undefined":0,"s:111:2:111:23":3,"s:111:13:111:23":4,"s:112:15:112:17":5,"s:113:2:115:3":6,"b:114:4:114:61:undefined:undefined:undefined:undefined":1,"s:114:4:114:61":7,"b:114:8:114:21:114:25:114:44":2,"s:114:46:114:61":8,"s:116:2:116:14":9,"f:121:9:121:22":1,"s:122:2:122:32":10,"b:122:9:122:23:122:27:122:31":3,"f:125:9:125:23":2,"b:126:2:126:39:undefined:undefined:undefined:undefined":4,"s:126:2:126:39":11,"s:126:29:126:39":12,"s:127:2:129:21":13,"f:128:9:128:13":3,"s:128:17:128:65":14,"f:132:9:132:25":4,"b:133:2:133:59:undefined:undefined:undefined:undefined":5,"s:133:2:133:59":15,"b:133:6:133:25:133:29:133:48":6,"s:133:50:133:59":16,"s:134:16:134:59":17,"s:135:12:135:13":18,"s:135:22:135:23":19,"s:135:32:135:33":20,"s:136:2:140:3":21,"s:137:14:137:43":22,"b:137:38:137:39:137:42:137:43":7,"s:138:14:138:43":23,"b:138:38:138:39:138:42:138:43":8,"s:139:4:139:17":24,"s:139:18:139:32":25,"s:139:33:139:47":26,"b:141:2:141:41:undefined:undefined:undefined:undefined":9,"s:141:2:141:41":27,"b:141:6:141:16:141:20:141:30":10,"s:141:32:141:41":28,"s:142:2:142:51":29,"f:147:9:147:23":5,"b:148:2:148:65:undefined:undefined:undefined:undefined":11,"s:148:2:148:65":30,"b:148:6:148:16:148:20:148:29:148:33:148:54":12,"s:148:56:148:65":31,"s:149:14:149:34":32,"s:150:14:150:31":33,"b:151:2:151:35:undefined:undefined:undefined:undefined":13,"s:151:2:151:35":34,"s:151:17:151:35":35,"b:152:2:152:36:undefined:undefined:undefined:undefined":14,"s:152:2:152:36":36,"s:152:17:152:36":37,"s:153:2:153:20":38,"f:161:9:161:27":6,"s:162:16:162:17":39,"s:164:26:164:66":40,"b:165:2:169:3:undefined:undefined:undefined:undefined":15,"s:165:2:169:3":41,"s:166:21:166:64":42,"s:167:4:168:39":43,"f:167:38:167:39":7,"s:167:43:167:63":44,"s:171:24:171:62":45,"b:172:2:176:3:undefined:undefined:undefined:undefined":16,"s:172:2:176:3":46,"s:173:17:173:47":47,"s:174:4:175:39":48,"f:174:36:174:37":8,"s:174:41:174:57":49,"s:178:2:178:17":50,"f:183:9:183:23":9,"b:183:55:183:57":17,"s:184:25:188:3":51,"s:190:18:196:3":52,"s:198:20:198:21":53,"s:199:20:199:21":54,"s:201:2:207:3":55,"b:202:4:202:37:undefined:undefined:undefined:undefined":18,"s:202:4:202:37":56,"s:202:28:202:37":57,"s:203:19:203:38":58,"s:204:19:204:58":59,"s:205:4:205:32":60,"s:206:4:206:26":61,"b:209:2:209:34:undefined:undefined:undefined:undefined":19,"s:209:2:209:34":62,"s:209:25:209:34":63,"s:211:14:211:59":64,"s:214:2:214:88":65,"b:214:11:214:82:214:86:214:87":20,"b:214:31:214:53:214:57:214:59":21,"b:215:2:215:54:undefined:undefined:undefined:undefined":22,"s:215:2:215:54":66,"s:215:27:215:54":67,"s:218:2:218:92":68,"b:218:33:218:50:218:54:218:55":23,"b:218:65:218:84:218:88:218:89":24,"s:219:2:219:50":69,"s:221:2:221:43":70,"f:226:9:226:20":10,"b:226:59:226:61":25,"s:227:25:231:3":71,"s:233:27:233:100":72,"f:233:68:233:69":11,"s:233:73:233:99":73,"s:234:27:234:99":74,"f:234:67:234:68":12,"s:234:72:234:98":75,"s:235:27:235:97":76,"f:235:65:235:66":13,"s:235:70:235:96":77,"s:236:27:236:91":78,"f:236:59:236:60":14,"s:236:64:236:90":79,"s:237:27:237:107":80,"f:237:75:237:76":15,"s:237:80:237:106":81,"s:239:16:239:18":82,"b:240:2:240:105:undefined:undefined:undefined:undefined":26,"s:240:2:240:105":83,"s:240:35:240:105":84,"b:241:2:241:104:undefined:undefined:undefined:undefined":27,"s:241:2:241:104":85,"s:241:35:241:104":86,"b:242:2:242:100:undefined:undefined:undefined:undefined":28,"s:242:2:242:100":87,"s:242:35:242:100":88,"b:243:2:243:96:undefined:undefined:undefined:undefined":29,"s:243:2:243:96":89,"s:243:35:243:96":90,"b:244:2:244:108:undefined:undefined:undefined:undefined":30,"s:244:2:244:108":91,"s:244:35:244:108":92,"s:246:17:246:19":93,"s:247:17:247:68":94,"b:247:18:247:40:247:44:247:46":31,"b:248:2:249:61:undefined:undefined:undefined:undefined":32,"s:248:2:249:61":95,"b:248:6:248:32:248:36:248:56":33,"s:249:4:249:61":96,"b:250:2:251:50:undefined:undefined:undefined:undefined":34,"s:250:2:251:50":97,"s:251:4:251:50":98,"s:253:19:253:21":99,"s:254:21:254:101":100,"b:254:43:254:60:254:64:254:65":35,"b:254:75:254:94:254:98:254:99":36,"b:255:2:256:102:undefined:undefined:undefined:undefined":37,"s:255:2:256:102":101,"s:256:4:256:102":102,"b:257:2:258:85:undefined:undefined:undefined:undefined":38,"s:257:2:258:85":103,"s:258:4:258:85":104,"s:260:15:260:17":105,"b:261:2:261:74:undefined:undefined:undefined:undefined":39,"s:261:2:261:74":106,"s:261:26:261:74":107,"b:262:2:262:82:undefined:undefined:undefined:undefined":40,"s:262:2:262:82":108,"s:262:26:262:82":109,"b:262:46:262:49:262:52:262:54":41,"b:263:2:263:67:undefined:undefined:undefined:undefined":42,"s:263:2:263:67":110,"s:263:27:263:67":111,"s:265:2:265:87":112,"b:265:9:265:15:265:19:265:86":43,"s:268:0:276:Infinity":113},"fnNames":{}}}
,"C:\\projects\\abiturient_guide\\backend\\src\\services\\testService.js": {"path":"C:\\projects\\abiturient_guide\\backend\\src\\services\\testService.js","statementMap":{"0":{"start":{"line":4,"column":14},"end":{"line":4,"column":23}},"1":{"start":{"line":6,"column":2},"end":{"line":24,"column":null}},"2":{"start":{"line":7,"column":4},"end":{"line":14,"column":null}},"3":{"start":{"line":8,"column":6},"end":{"line":13,"column":null}},"4":{"start":{"line":16,"column":4},"end":{"line":23,"column":null}},"5":{"start":{"line":17,"column":6},"end":{"line":22,"column":null}},"6":{"start":{"line":26,"column":2},"end":{"line":26,"column":null}},"7":{"start":{"line":30,"column":2},"end":{"line":34,"column":null}},"8":{"start":{"line":31,"column":18},"end":{"line":31,"column":49}},"9":{"start":{"line":32,"column":4},"end":{"line":32,"column":null}},"10":{"start":{"line":33,"column":4},"end":{"line":33,"column":null}},"11":{"start":{"line":36,"column":20},"end":{"line":36,"column":39}},"12":{"start":{"line":37,"column":21},"end":{"line":37,"column":75}},"13":{"start":{"line":37,"column":42},"end":{"line":37,"column":74}},"14":{"start":{"line":39,"column":2},"end":{"line":43,"column":null}},"15":{"start":{"line":40,"column":18},"end":{"line":40,"column":58}},"16":{"start":{"line":41,"column":4},"end":{"line":41,"column":null}},"17":{"start":{"line":42,"column":4},"end":{"line":42,"column":null}},"18":{"start":{"line":45,"column":2},"end":{"line":49,"column":null}},"19":{"start":{"line":46,"column":18},"end":{"line":46,"column":82}},"20":{"start":{"line":47,"column":4},"end":{"line":47,"column":null}},"21":{"start":{"line":48,"column":4},"end":{"line":48,"column":null}},"22":{"start":{"line":51,"column":2},"end":{"line":51,"column":null}},"23":{"start":{"line":55,"column":2},"end":{"line":55,"column":null}},"24":{"start":{"line":59,"column":15},"end":{"line":59,"column":52}},"25":{"start":{"line":61,"column":2},"end":{"line":65,"column":null}},"26":{"start":{"line":62,"column":18},"end":{"line":62,"column":45}},"27":{"start":{"line":63,"column":4},"end":{"line":63,"column":null}},"28":{"start":{"line":64,"column":4},"end":{"line":64,"column":null}},"29":{"start":{"line":67,"column":15},"end":{"line":67,"column":68}},"30":{"start":{"line":68,"column":20},"end":{"line":68,"column":43}},"31":{"start":{"line":70,"column":2},"end":{"line":70,"column":null}},"32":{"start":{"line":74,"column":20},"end":{"line":74,"column":49}},"33":{"start":{"line":76,"column":22},"end":{"line":76,"column":74}},"34":{"start":{"line":78,"column":2},"end":{"line":82,"column":null}},"35":{"start":{"line":79,"column":18},"end":{"line":79,"column":68}},"36":{"start":{"line":80,"column":4},"end":{"line":80,"column":null}},"37":{"start":{"line":81,"column":4},"end":{"line":81,"column":null}},"38":{"start":{"line":84,"column":18},"end":{"line":84,"column":81}},"39":{"start":{"line":86,"column":2},"end":{"line":90,"column":null}},"40":{"start":{"line":87,"column":18},"end":{"line":87,"column":79}},"41":{"start":{"line":88,"column":4},"end":{"line":88,"column":null}},"42":{"start":{"line":89,"column":4},"end":{"line":89,"column":null}},"43":{"start":{"line":92,"column":30},"end":{"line":92,"column":69}},"44":{"start":{"line":92,"column":47},"end":{"line":92,"column":68}},"45":{"start":{"line":94,"column":2},"end":{"line":98,"column":null}},"46":{"start":{"line":95,"column":18},"end":{"line":95,"column":60}},"47":{"start":{"line":96,"column":4},"end":{"line":96,"column":null}},"48":{"start":{"line":97,"column":4},"end":{"line":97,"column":null}},"49":{"start":{"line":100,"column":2},"end":{"line":104,"column":null}},"50":{"start":{"line":101,"column":18},"end":{"line":101,"column":74}},"51":{"start":{"line":102,"column":4},"end":{"line":102,"column":null}},"52":{"start":{"line":103,"column":4},"end":{"line":103,"column":null}},"53":{"start":{"line":106,"column":22},"end":{"line":106,"column":42}},"54":{"start":{"line":107,"column":2},"end":{"line":111,"column":null}},"55":{"start":{"line":107,"column":37},"end":{"line":107,"column":57}},"56":{"start":{"line":108,"column":18},"end":{"line":108,"column":69}},"57":{"start":{"line":109,"column":4},"end":{"line":109,"column":null}},"58":{"start":{"line":110,"column":4},"end":{"line":110,"column":null}},"59":{"start":{"line":113,"column":21},"end":{"line":113,"column":78}},"60":{"start":{"line":113,"column":48},"end":{"line":113,"column":74}},"61":{"start":{"line":114,"column":21},"end":{"line":114,"column":60}},"62":{"start":{"line":114,"column":38},"end":{"line":114,"column":43}},"63":{"start":{"line":116,"column":2},"end":{"line":116,"column":null}},"64":{"start":{"line":120,"column":2},"end":{"line":120,"column":null}}},"fnMap":{"0":{"name":"buildQuestionsMap","decl":{"start":{"line":3,"column":9},"end":{"line":3,"column":26}},"loc":{"start":{"line":3,"column":33},"end":{"line":27,"column":null}},"line":3},"1":{"name":"validateAnswerIds","decl":{"start":{"line":29,"column":9},"end":{"line":29,"column":26}},"loc":{"start":{"line":29,"column":36},"end":{"line":52,"column":null}},"line":29},"2":{"name":"(anonymous_2)","decl":{"start":{"line":37,"column":36},"end":{"line":37,"column":38}},"loc":{"start":{"line":37,"column":42},"end":{"line":37,"column":74}},"line":37},"3":{"name":"getAllTests","decl":{"start":{"line":54,"column":15},"end":{"line":54,"column":26}},"loc":{"start":{"line":54,"column":29},"end":{"line":56,"column":null}},"line":54},"4":{"name":"getTestById","decl":{"start":{"line":58,"column":15},"end":{"line":58,"column":26}},"loc":{"start":{"line":58,"column":35},"end":{"line":71,"column":null}},"line":58},"5":{"name":"submitTest","decl":{"start":{"line":73,"column":15},"end":{"line":73,"column":25}},"loc":{"start":{"line":73,"column":54},"end":{"line":117,"column":null}},"line":73},"6":{"name":"(anonymous_6)","decl":{"start":{"line":92,"column":42},"end":{"line":92,"column":43}},"loc":{"start":{"line":92,"column":47},"end":{"line":92,"column":68}},"line":92},"7":{"name":"(anonymous_7)","decl":{"start":{"line":107,"column":31},"end":{"line":107,"column":33}},"loc":{"start":{"line":107,"column":37},"end":{"line":107,"column":57}},"line":107},"8":{"name":"(anonymous_8)","decl":{"start":{"line":113,"column":36},"end":{"line":113,"column":37}},"loc":{"start":{"line":113,"column":48},"end":{"line":113,"column":74}},"line":113},"9":{"name":"(anonymous_9)","decl":{"start":{"line":114,"column":33},"end":{"line":114,"column":34}},"loc":{"start":{"line":114,"column":38},"end":{"line":114,"column":43}},"line":114},"10":{"name":"getMyResults","decl":{"start":{"line":119,"column":15},"end":{"line":119,"column":27}},"loc":{"start":{"line":119,"column":36},"end":{"line":121,"column":null}},"line":119}},"branchMap":{"0":{"loc":{"start":{"line":7,"column":4},"end":{"line":14,"column":null}},"type":"if","locations":[{"start":{"line":7,"column":4},"end":{"line":14,"column":null}},{"start":{},"end":{}}],"line":7},"1":{"loc":{"start":{"line":16,"column":4},"end":{"line":23,"column":null}},"type":"if","locations":[{"start":{"line":16,"column":4},"end":{"line":23,"column":null}},{"start":{},"end":{}}],"line":16},"2":{"loc":{"start":{"line":30,"column":2},"end":{"line":34,"column":null}},"type":"if","locations":[{"start":{"line":30,"column":2},"end":{"line":34,"column":null}},{"start":{},"end":{}}],"line":30},"3":{"loc":{"start":{"line":30,"column":6},"end":{"line":30,"column":53}},"type":"binary-expr","locations":[{"start":{"line":30,"column":6},"end":{"line":30,"column":29}},{"start":{"line":30,"column":33},"end":{"line":30,"column":53}}],"line":30},"4":{"loc":{"start":{"line":37,"column":42},"end":{"line":37,"column":74}},"type":"binary-expr","locations":[{"start":{"line":37,"column":42},"end":{"line":37,"column":63}},{"start":{"line":37,"column":67},"end":{"line":37,"column":74}}],"line":37},"5":{"loc":{"start":{"line":39,"column":2},"end":{"line":43,"column":null}},"type":"if","locations":[{"start":{"line":39,"column":2},"end":{"line":43,"column":null}},{"start":{},"end":{}}],"line":39},"6":{"loc":{"start":{"line":45,"column":2},"end":{"line":49,"column":null}},"type":"if","locations":[{"start":{"line":45,"column":2},"end":{"line":49,"column":null}},{"start":{},"end":{}}],"line":45},"7":{"loc":{"start":{"line":61,"column":2},"end":{"line":65,"column":null}},"type":"if","locations":[{"start":{"line":61,"column":2},"end":{"line":65,"column":null}},{"start":{},"end":{}}],"line":61},"8":{"loc":{"start":{"line":78,"column":2},"end":{"line":82,"column":null}},"type":"if","locations":[{"start":{"line":78,"column":2},"end":{"line":82,"column":null}},{"start":{},"end":{}}],"line":78},"9":{"loc":{"start":{"line":86,"column":2},"end":{"line":90,"column":null}},"type":"if","locations":[{"start":{"line":86,"column":2},"end":{"line":90,"column":null}},{"start":{},"end":{}}],"line":86},"10":{"loc":{"start":{"line":94,"column":2},"end":{"line":98,"column":null}},"type":"if","locations":[{"start":{"line":94,"column":2},"end":{"line":98,"column":null}},{"start":{},"end":{}}],"line":94},"11":{"loc":{"start":{"line":100,"column":2},"end":{"line":104,"column":null}},"type":"if","locations":[{"start":{"line":100,"column":2},"end":{"line":104,"column":null}},{"start":{},"end":{}}],"line":100},"12":{"loc":{"start":{"line":107,"column":2},"end":{"line":111,"column":null}},"type":"if","locations":[{"start":{"line":107,"column":2},"end":{"line":111,"column":null}},{"start":{},"end":{}}],"line":107},"13":{"loc":{"start":{"line":113,"column":61},"end":{"line":113,"column":73}},"type":"binary-expr","locations":[{"start":{"line":113,"column":61},"end":{"line":113,"column":68}},{"start":{"line":113,"column":72},"end":{"line":113,"column":73}}],"line":113}},"s":{"0":0,"1":0,"2":0,"3":0,"4":0,"5":0,"6":0,"7":5,"8":0,"9":0,"10":0,"11":5,"12":5,"13":9,"14":5,"15":0,"16":0,"17":0,"18":5,"19":1,"20":1,"21":1,"22":4,"23":0,"24":0,"25":0,"26":0,"27":0,"28":0,"29":0,"30":0,"31":0,"32":5,"33":5,"34":4,"35":0,"36":0,"37":0,"38":4,"39":4,"40":1,"41":1,"42":1,"43":3,"44":5,"45":3,"46":1,"47":1,"48":1,"49":2,"50":1,"51":1,"52":1,"53":1,"54":1,"55":2,"56":0,"57":0,"58":0,"59":1,"60":2,"61":1,"62":2,"63":1,"64":0},"f":{"0":0,"1":5,"2":9,"3":0,"4":0,"5":5,"6":5,"7":2,"8":2,"9":2,"10":0},"b":{"0":[0,0],"1":[0,0],"2":[0,5],"3":[5,5],"4":[9,9],"5":[0,5],"6":[1,4],"7":[0,0],"8":[0,4],"9":[1,3],"10":[1,2],"11":[1,1],"12":[0,1],"13":[2,0]},"meta":{"lastBranch":14,"lastFunction":11,"lastStatement":65,"seen":{"f:3:9:3:26":0,"s:4:14:4:23":0,"s:6:2:24:Infinity":1,"b:7:4:14:Infinity:undefined:undefined:undefined:undefined":0,"s:7:4:14:Infinity":2,"s:8:6:13:Infinity":3,"b:16:4:23:Infinity:undefined:undefined:undefined:undefined":1,"s:16:4:23:Infinity":4,"s:17:6:22:Infinity":5,"s:26:2:26:Infinity":6,"f:29:9:29:26":1,"b:30:2:34:Infinity:undefined:undefined:undefined:undefined":2,"s:30:2:34:Infinity":7,"b:30:6:30:29:30:33:30:53":3,"s:31:18:31:49":8,"s:32:4:32:Infinity":9,"s:33:4:33:Infinity":10,"s:36:20:36:39":11,"s:37:21:37:75":12,"f:37:36:37:38":2,"s:37:42:37:74":13,"b:37:42:37:63:37:67:37:74":4,"b:39:2:43:Infinity:undefined:undefined:undefined:undefined":5,"s:39:2:43:Infinity":14,"s:40:18:40:58":15,"s:41:4:41:Infinity":16,"s:42:4:42:Infinity":17,"b:45:2:49:Infinity:undefined:undefined:undefined:undefined":6,"s:45:2:49:Infinity":18,"s:46:18:46:82":19,"s:47:4:47:Infinity":20,"s:48:4:48:Infinity":21,"s:51:2:51:Infinity":22,"f:54:15:54:26":3,"s:55:2:55:Infinity":23,"f:58:15:58:26":4,"s:59:15:59:52":24,"b:61:2:65:Infinity:undefined:undefined:undefined:undefined":7,"s:61:2:65:Infinity":25,"s:62:18:62:45":26,"s:63:4:63:Infinity":27,"s:64:4:64:Infinity":28,"s:67:15:67:68":29,"s:68:20:68:43":30,"s:70:2:70:Infinity":31,"f:73:15:73:25":5,"s:74:20:74:49":32,"s:76:22:76:74":33,"b:78:2:82:Infinity:undefined:undefined:undefined:undefined":8,"s:78:2:82:Infinity":34,"s:79:18:79:68":35,"s:80:4:80:Infinity":36,"s:81:4:81:Infinity":37,"s:84:18:84:81":38,"b:86:2:90:Infinity:undefined:undefined:undefined:undefined":9,"s:86:2:90:Infinity":39,"s:87:18:87:79":40,"s:88:4:88:Infinity":41,"s:89:4:89:Infinity":42,"s:92:30:92:69":43,"f:92:42:92:43":6,"s:92:47:92:68":44,"b:94:2:98:Infinity:undefined:undefined:undefined:undefined":10,"s:94:2:98:Infinity":45,"s:95:18:95:60":46,"s:96:4:96:Infinity":47,"s:97:4:97:Infinity":48,"b:100:2:104:Infinity:undefined:undefined:undefined:undefined":11,"s:100:2:104:Infinity":49,"s:101:18:101:74":50,"s:102:4:102:Infinity":51,"s:103:4:103:Infinity":52,"s:106:22:106:42":53,"b:107:2:111:Infinity:undefined:undefined:undefined:undefined":12,"s:107:2:111:Infinity":54,"f:107:31:107:33":7,"s:107:37:107:57":55,"s:108:18:108:69":56,"s:109:4:109:Infinity":57,"s:110:4:110:Infinity":58,"s:113:21:113:78":59,"f:113:36:113:37":8,"s:113:48:113:74":60,"b:113:61:113:68:113:72:113:73":13,"s:114:21:114:60":61,"f:114:33:114:34":9,"s:114:38:114:43":62,"s:116:2:116:Infinity":63,"f:119:15:119:27":10,"s:120:2:120:Infinity":64},"fnNames":{}}}
,"C:\\projects\\abiturient_guide\\backend\\src\\validators\\schemas.js": {"path":"C:\\projects\\abiturient_guide\\backend\\src\\validators\\schemas.js","statementMap":{"0":{"start":{"line":5,"column":30},"end":{"line":9,"column":2}},"1":{"start":{"line":11,"column":27},"end":{"line":14,"column":2}},"2":{"start":{"line":16,"column":33},"end":{"line":18,"column":2}},"3":{"start":{"line":22,"column":33},"end":{"line":34,"column":2}},"4":{"start":{"line":24,"column":21},"end":{"line":24,"column":77}},"5":{"start":{"line":38,"column":32},"end":{"line":42,"column":2}},"6":{"start":{"line":46,"column":33},"end":{"line":55,"column":2}},"7":{"start":{"line":49,"column":21},"end":{"line":49,"column":63}},"8":{"start":{"line":59,"column":31},"end":{"line":72,"column":2}},"9":{"start":{"line":63,"column":21},"end":{"line":63,"column":65}},"10":{"start":{"line":76,"column":29},"end":{"line":86,"column":2}}},"fnMap":{"0":{"name":"(anonymous_0)","decl":{"start":{"line":24,"column":14},"end":{"line":24,"column":15}},"loc":{"start":{"line":24,"column":21},"end":{"line":24,"column":77}},"line":24},"1":{"name":"(anonymous_1)","decl":{"start":{"line":49,"column":14},"end":{"line":49,"column":15}},"loc":{"start":{"line":49,"column":21},"end":{"line":49,"column":63}},"line":49},"2":{"name":"(anonymous_2)","decl":{"start":{"line":63,"column":14},"end":{"line":63,"column":15}},"loc":{"start":{"line":63,"column":21},"end":{"line":63,"column":65}},"line":63}},"branchMap":{},"s":{"0":1,"1":1,"2":1,"3":1,"4":0,"5":1,"6":1,"7":0,"8":1,"9":0,"10":1},"f":{"0":0,"1":0,"2":0},"b":{},"meta":{"lastBranch":0,"lastFunction":3,"lastStatement":11,"seen":{"s:5:30:9:2":0,"s:11:27:14:2":1,"s:16:33:18:2":2,"s:22:33:34:2":3,"f:24:14:24:15":0,"s:24:21:24:77":4,"s:38:32:42:2":5,"s:46:33:55:2":6,"f:49:14:49:15":1,"s:49:21:49:63":7,"s:59:31:72:2":8,"f:63:14:63:15":2,"s:63:21:63:65":9,"s:76:29:86:2":10},"fnNames":{}}}
}
